#
# There is insufficient memory for the Java Runtime Environment to continue.
# Native memory allocation (malloc) failed to allocate 32744 bytes for ChunkPool::allocate
# Possible reasons:
#   The system is out of physical RAM or swap space
#   The process is running with CompressedOops enabled, and the Java Heap may be blocking the growth of the native heap
# Possible solutions:
#   Reduce memory load on the system
#   Increase physical memory or swap space
#   Check if swap backing store is full
#   Decrease Java heap size (-Xmx/-Xms)
#   Decrease number of Java threads
#   Decrease Java thread stack sizes (-Xss)
#   Set larger code cache with -XX:ReservedCodeCacheSize=
#   JVM is running with Unscaled Compressed Oops mode in which the Java heap is
#     placed in the first 4GB address space. The Java Heap base address is the
#     maximum limit for the native heap growth. Please use -XX:HeapBaseMinAddress
#     to set the Java Heap base and to place the Java Heap above 4GB virtual address.
# This output file may be truncated or incomplete.
#
#  Out of Memory Error (arena.cpp:78), pid=7756, tid=67128
#
# JRE version: Java(TM) SE Runtime Environment (17.0.12+8) (build 17.0.12+8-LTS-286)
# Java VM: Java HotSpot(TM) 64-Bit Server VM (17.0.12+8-LTS-286, mixed mode, tiered, compressed oops, compressed class ptrs, g1 gc, windows-amd64)
# No core dump will be written. Minidumps are not enabled by default on client versions of Windows
#

---------------  S U M M A R Y ------------

Command Line: C:\Users\chira\AppData\Local\Temp\surefire18076356830259901355\surefirebooter-20241001235211869_3.jar C:\Users\chira\AppData\Local\Temp\surefire18076356830259901355 2024-10-01T23-52-11_598-jvmRun1 surefire-20241001235211869_1tmp surefire_0-20241001235211869_2tmp

Host: 12th Gen Intel(R) Core(TM) i5-1240P, 16 cores, 7G,  Windows 11 , 64 bit Build 22621 (10.0.22621.3958)
Time: Tue Oct  1 23:52:12 2024 India Standard Time elapsed time: 0.207104 seconds (0d 0h 0m 0s)

---------------  T H R E A D  ---------------

Current thread (0x00000194041dd800):  JavaThread "C1 CompilerThread2" daemon [_thread_in_native, id=67128, stack(0x000000578a000000,0x000000578a100000)]


Current CompileTask:
C1:    207  146       3       java.util.concurrent.ConcurrentHashMap::get (162 bytes)

Stack: [0x000000578a000000,0x000000578a100000]
Native frames: (J=compiled Java code, j=interpreted, Vv=VM code, C=native code)
V  [jvm.dll+0x67a04a]
V  [jvm.dll+0x7da4ed]
V  [jvm.dll+0x7dbe33]
V  [jvm.dll+0x7dc4a3]
V  [jvm.dll+0x24508f]
V  [jvm.dll+0xab9a4]
V  [jvm.dll+0xabd3c]
V  [jvm.dll+0x247280]
V  [jvm.dll+0x135032]
V  [jvm.dll+0x1345d1]
V  [jvm.dll+0x1362bd]
V  [jvm.dll+0x22610b]
V  [jvm.dll+0x2242ab]
V  [jvm.dll+0x79075c]
V  [jvm.dll+0x78abea]
V  [jvm.dll+0x678f35]
C  [ucrtbase.dll+0x29333]
C  [KERNEL32.DLL+0x1257d]
C  [ntdll.dll+0x5af28]


---------------  P R O C E S S  ---------------

Threads class SMR info:
_java_thread_list=0x00000194040389c0, length=15, elements={
0x0000019449de6e10, 0x000001946a7bcf60, 0x00000194040352d0, 0x0000019404080010,
0x00000194040815f0, 0x0000019404081fb0, 0x0000019404082970, 0x0000019404061310,
0x0000019404061dc0, 0x0000019404068bf0, 0x00000194041d92c0, 0x00000194041dd800,
0x0000019404206ff0, 0x000001940421af20, 0x0000019404244cd0
}

Java Threads: ( => current thread )
  0x0000019449de6e10 JavaThread "main" [_thread_in_vm, id=73100, stack(0x0000005788f00000,0x0000005789000000)] _threads_hazard_ptr=0x00000194040389c0
  0x000001946a7bcf60 JavaThread "Reference Handler" daemon [_thread_blocked, id=73236, stack(0x0000005789600000,0x0000005789700000)]
  0x00000194040352d0 JavaThread "Finalizer" daemon [_thread_blocked, id=73336, stack(0x0000005789700000,0x0000005789800000)]
  0x0000019404080010 JavaThread "Signal Dispatcher" daemon [_thread_blocked, id=73244, stack(0x0000005789800000,0x0000005789900000)]
  0x00000194040815f0 JavaThread "Attach Listener" daemon [_thread_blocked, id=39220, stack(0x0000005789900000,0x0000005789a00000)]
  0x0000019404081fb0 JavaThread "Service Thread" daemon [_thread_blocked, id=2668, stack(0x0000005789a00000,0x0000005789b00000)]
  0x0000019404082970 JavaThread "Monitor Deflation Thread" daemon [_thread_blocked, id=73324, stack(0x0000005789b00000,0x0000005789c00000)]
  0x0000019404061310 JavaThread "C2 CompilerThread0" daemon [_thread_in_native, id=73396, stack(0x0000005789c00000,0x0000005789d00000)]
  0x0000019404061dc0 JavaThread "C1 CompilerThread0" daemon [_thread_blocked, id=48544, stack(0x0000005789d00000,0x0000005789e00000)]
  0x0000019404068bf0 JavaThread "Sweeper thread" daemon [_thread_blocked, id=73448, stack(0x0000005789e00000,0x0000005789f00000)]
  0x00000194041d92c0 JavaThread "C1 CompilerThread1" daemon [_thread_blocked, id=62776, stack(0x0000005789f00000,0x000000578a000000)]
=>0x00000194041dd800 JavaThread "C1 CompilerThread2" daemon [_thread_in_native, id=67128, stack(0x000000578a000000,0x000000578a100000)]
  0x0000019404206ff0 JavaThread "Notification Thread" daemon [_thread_blocked, id=71216, stack(0x000000578a100000,0x000000578a200000)]
  0x000001940421af20 JavaThread "Common-Cleaner" daemon [_thread_blocked, id=69668, stack(0x000000578a300000,0x000000578a400000)]
  0x0000019404244cd0 JavaThread "C1 CompilerThread3" daemon [_thread_blocked, id=29004, stack(0x000000578a400000,0x000000578a500000)]

Other Threads:
  0x000001946a7feb70 VMThread "VM Thread" [stack: 0x0000005789500000,0x0000005789600000] [id=73368]
  0x0000019449e61280 WatcherThread [stack: 0x000000578a200000,0x000000578a300000] [id=71252]
  0x0000019449e3fbc0 GCTaskThread "GC Thread#0" [stack: 0x0000005789000000,0x0000005789100000] [id=73160]
  0x0000019449e50210 ConcurrentGCThread "G1 Main Marker" [stack: 0x0000005789100000,0x0000005789200000] [id=73252]
  0x0000019449e50c20 ConcurrentGCThread "G1 Conc#0" [stack: 0x0000005789200000,0x0000005789300000] [id=73092]
  0x000001946a656710 ConcurrentGCThread "G1 Refine#0" [stack: 0x0000005789300000,0x0000005789400000] [id=73420]
  0x000001946a658150 ConcurrentGCThread "G1 Service" [stack: 0x0000005789400000,0x0000005789500000] [id=73264]

Threads with active compile tasks:
C2 CompilerThread0      244  136       4       java.lang.AbstractStringBuilder::ensureCapacityInternal (39 bytes)
C1 CompilerThread2      244  146       3       java.util.concurrent.ConcurrentHashMap::get (162 bytes)

VM state: not at safepoint (normal execution)

VM Mutex/Monitor currently owned by a thread: None

Heap address: 0x0000000084800000, size: 1976 MB, Compressed Oops mode: 32-bit

CDS archive(s) not mapped
Compressed class space mapped at: 0x0000000100000000-0x0000000140000000, reserved size: 1073741824
Narrow klass base: 0x0000000000000000, Narrow klass shift: 3, Narrow klass range: 0x140000000

GC Precious Log:
 CPUs: 16 total, 16 available
 Memory: 7896M
 Large Page Support: Disabled
 NUMA Support: Disabled
 Compressed Oops: Enabled (32-bit)
 Heap Region Size: 1M
 Heap Min Capacity: 8M
 Heap Initial Capacity: 124M
 Heap Max Capacity: 1976M
 Pre-touch: Disabled
 Parallel Workers: 13
 Concurrent Workers: 3
 Concurrent Refinement Workers: 13
 Periodic GC: Disabled

Heap:
 garbage-first heap   total 126976K, used 3072K [0x0000000084800000, 0x0000000100000000)
  region size 1024K, 4 young (4096K), 0 survivors (0K)
 Metaspace       used 5929K, committed 6080K, reserved 1114112K
  class space    used 491K, committed 576K, reserved 1048576K

Heap Regions: E=young(eden), S=young(survivor), O=old, HS=humongous(starts), HC=humongous(continues), CS=collection set, F=free, OA=open archive, CA=closed archive, TAMS=top-at-mark-start (previous, next)
|   0|0x0000000084800000, 0x0000000084800000, 0x0000000084900000|  0%| F|  |TAMS 0x0000000084800000, 0x0000000084800000| Untracked 
|   1|0x0000000084900000, 0x0000000084900000, 0x0000000084a00000|  0%| F|  |TAMS 0x0000000084900000, 0x0000000084900000| Untracked 
|   2|0x0000000084a00000, 0x0000000084a00000, 0x0000000084b00000|  0%| F|  |TAMS 0x0000000084a00000, 0x0000000084a00000| Untracked 
|   3|0x0000000084b00000, 0x0000000084b00000, 0x0000000084c00000|  0%| F|  |TAMS 0x0000000084b00000, 0x0000000084b00000| Untracked 
|   4|0x0000000084c00000, 0x0000000084c00000, 0x0000000084d00000|  0%| F|  |TAMS 0x0000000084c00000, 0x0000000084c00000| Untracked 
|   5|0x0000000084d00000, 0x0000000084d00000, 0x0000000084e00000|  0%| F|  |TAMS 0x0000000084d00000, 0x0000000084d00000| Untracked 
|   6|0x0000000084e00000, 0x0000000084e00000, 0x0000000084f00000|  0%| F|  |TAMS 0x0000000084e00000, 0x0000000084e00000| Untracked 
|   7|0x0000000084f00000, 0x0000000084f00000, 0x0000000085000000|  0%| F|  |TAMS 0x0000000084f00000, 0x0000000084f00000| Untracked 
|   8|0x0000000085000000, 0x0000000085000000, 0x0000000085100000|  0%| F|  |TAMS 0x0000000085000000, 0x0000000085000000| Untracked 
|   9|0x0000000085100000, 0x0000000085100000, 0x0000000085200000|  0%| F|  |TAMS 0x0000000085100000, 0x0000000085100000| Untracked 
|  10|0x0000000085200000, 0x0000000085200000, 0x0000000085300000|  0%| F|  |TAMS 0x0000000085200000, 0x0000000085200000| Untracked 
|  11|0x0000000085300000, 0x0000000085300000, 0x0000000085400000|  0%| F|  |TAMS 0x0000000085300000, 0x0000000085300000| Untracked 
|  12|0x0000000085400000, 0x0000000085400000, 0x0000000085500000|  0%| F|  |TAMS 0x0000000085400000, 0x0000000085400000| Untracked 
|  13|0x0000000085500000, 0x0000000085500000, 0x0000000085600000|  0%| F|  |TAMS 0x0000000085500000, 0x0000000085500000| Untracked 
|  14|0x0000000085600000, 0x0000000085600000, 0x0000000085700000|  0%| F|  |TAMS 0x0000000085600000, 0x0000000085600000| Untracked 
|  15|0x0000000085700000, 0x0000000085700000, 0x0000000085800000|  0%| F|  |TAMS 0x0000000085700000, 0x0000000085700000| Untracked 
|  16|0x0000000085800000, 0x0000000085800000, 0x0000000085900000|  0%| F|  |TAMS 0x0000000085800000, 0x0000000085800000| Untracked 
|  17|0x0000000085900000, 0x0000000085900000, 0x0000000085a00000|  0%| F|  |TAMS 0x0000000085900000, 0x0000000085900000| Untracked 
|  18|0x0000000085a00000, 0x0000000085a00000, 0x0000000085b00000|  0%| F|  |TAMS 0x0000000085a00000, 0x0000000085a00000| Untracked 
|  19|0x0000000085b00000, 0x0000000085b00000, 0x0000000085c00000|  0%| F|  |TAMS 0x0000000085b00000, 0x0000000085b00000| Untracked 
|  20|0x0000000085c00000, 0x0000000085c00000, 0x0000000085d00000|  0%| F|  |TAMS 0x0000000085c00000, 0x0000000085c00000| Untracked 
|  21|0x0000000085d00000, 0x0000000085d00000, 0x0000000085e00000|  0%| F|  |TAMS 0x0000000085d00000, 0x0000000085d00000| Untracked 
|  22|0x0000000085e00000, 0x0000000085e00000, 0x0000000085f00000|  0%| F|  |TAMS 0x0000000085e00000, 0x0000000085e00000| Untracked 
|  23|0x0000000085f00000, 0x0000000085f00000, 0x0000000086000000|  0%| F|  |TAMS 0x0000000085f00000, 0x0000000085f00000| Untracked 
|  24|0x0000000086000000, 0x0000000086000000, 0x0000000086100000|  0%| F|  |TAMS 0x0000000086000000, 0x0000000086000000| Untracked 
|  25|0x0000000086100000, 0x0000000086100000, 0x0000000086200000|  0%| F|  |TAMS 0x0000000086100000, 0x0000000086100000| Untracked 
|  26|0x0000000086200000, 0x0000000086200000, 0x0000000086300000|  0%| F|  |TAMS 0x0000000086200000, 0x0000000086200000| Untracked 
|  27|0x0000000086300000, 0x0000000086300000, 0x0000000086400000|  0%| F|  |TAMS 0x0000000086300000, 0x0000000086300000| Untracked 
|  28|0x0000000086400000, 0x0000000086400000, 0x0000000086500000|  0%| F|  |TAMS 0x0000000086400000, 0x0000000086400000| Untracked 
|  29|0x0000000086500000, 0x0000000086500000, 0x0000000086600000|  0%| F|  |TAMS 0x0000000086500000, 0x0000000086500000| Untracked 
|  30|0x0000000086600000, 0x0000000086600000, 0x0000000086700000|  0%| F|  |TAMS 0x0000000086600000, 0x0000000086600000| Untracked 
|  31|0x0000000086700000, 0x0000000086700000, 0x0000000086800000|  0%| F|  |TAMS 0x0000000086700000, 0x0000000086700000| Untracked 
|  32|0x0000000086800000, 0x0000000086800000, 0x0000000086900000|  0%| F|  |TAMS 0x0000000086800000, 0x0000000086800000| Untracked 
|  33|0x0000000086900000, 0x0000000086900000, 0x0000000086a00000|  0%| F|  |TAMS 0x0000000086900000, 0x0000000086900000| Untracked 
|  34|0x0000000086a00000, 0x0000000086a00000, 0x0000000086b00000|  0%| F|  |TAMS 0x0000000086a00000, 0x0000000086a00000| Untracked 
|  35|0x0000000086b00000, 0x0000000086b00000, 0x0000000086c00000|  0%| F|  |TAMS 0x0000000086b00000, 0x0000000086b00000| Untracked 
|  36|0x0000000086c00000, 0x0000000086c00000, 0x0000000086d00000|  0%| F|  |TAMS 0x0000000086c00000, 0x0000000086c00000| Untracked 
|  37|0x0000000086d00000, 0x0000000086d00000, 0x0000000086e00000|  0%| F|  |TAMS 0x0000000086d00000, 0x0000000086d00000| Untracked 
|  38|0x0000000086e00000, 0x0000000086e00000, 0x0000000086f00000|  0%| F|  |TAMS 0x0000000086e00000, 0x0000000086e00000| Untracked 
|  39|0x0000000086f00000, 0x0000000086f00000, 0x0000000087000000|  0%| F|  |TAMS 0x0000000086f00000, 0x0000000086f00000| Untracked 
|  40|0x0000000087000000, 0x0000000087000000, 0x0000000087100000|  0%| F|  |TAMS 0x0000000087000000, 0x0000000087000000| Untracked 
|  41|0x0000000087100000, 0x0000000087100000, 0x0000000087200000|  0%| F|  |TAMS 0x0000000087100000, 0x0000000087100000| Untracked 
|  42|0x0000000087200000, 0x0000000087200000, 0x0000000087300000|  0%| F|  |TAMS 0x0000000087200000, 0x0000000087200000| Untracked 
|  43|0x0000000087300000, 0x0000000087300000, 0x0000000087400000|  0%| F|  |TAMS 0x0000000087300000, 0x0000000087300000| Untracked 
|  44|0x0000000087400000, 0x0000000087400000, 0x0000000087500000|  0%| F|  |TAMS 0x0000000087400000, 0x0000000087400000| Untracked 
|  45|0x0000000087500000, 0x0000000087500000, 0x0000000087600000|  0%| F|  |TAMS 0x0000000087500000, 0x0000000087500000| Untracked 
|  46|0x0000000087600000, 0x0000000087600000, 0x0000000087700000|  0%| F|  |TAMS 0x0000000087600000, 0x0000000087600000| Untracked 
|  47|0x0000000087700000, 0x0000000087700000, 0x0000000087800000|  0%| F|  |TAMS 0x0000000087700000, 0x0000000087700000| Untracked 
|  48|0x0000000087800000, 0x0000000087800000, 0x0000000087900000|  0%| F|  |TAMS 0x0000000087800000, 0x0000000087800000| Untracked 
|  49|0x0000000087900000, 0x0000000087900000, 0x0000000087a00000|  0%| F|  |TAMS 0x0000000087900000, 0x0000000087900000| Untracked 
|  50|0x0000000087a00000, 0x0000000087a00000, 0x0000000087b00000|  0%| F|  |TAMS 0x0000000087a00000, 0x0000000087a00000| Untracked 
|  51|0x0000000087b00000, 0x0000000087b00000, 0x0000000087c00000|  0%| F|  |TAMS 0x0000000087b00000, 0x0000000087b00000| Untracked 
|  52|0x0000000087c00000, 0x0000000087c00000, 0x0000000087d00000|  0%| F|  |TAMS 0x0000000087c00000, 0x0000000087c00000| Untracked 
|  53|0x0000000087d00000, 0x0000000087d00000, 0x0000000087e00000|  0%| F|  |TAMS 0x0000000087d00000, 0x0000000087d00000| Untracked 
|  54|0x0000000087e00000, 0x0000000087e00000, 0x0000000087f00000|  0%| F|  |TAMS 0x0000000087e00000, 0x0000000087e00000| Untracked 
|  55|0x0000000087f00000, 0x0000000087f00000, 0x0000000088000000|  0%| F|  |TAMS 0x0000000087f00000, 0x0000000087f00000| Untracked 
|  56|0x0000000088000000, 0x0000000088000000, 0x0000000088100000|  0%| F|  |TAMS 0x0000000088000000, 0x0000000088000000| Untracked 
|  57|0x0000000088100000, 0x0000000088100000, 0x0000000088200000|  0%| F|  |TAMS 0x0000000088100000, 0x0000000088100000| Untracked 
|  58|0x0000000088200000, 0x0000000088200000, 0x0000000088300000|  0%| F|  |TAMS 0x0000000088200000, 0x0000000088200000| Untracked 
|  59|0x0000000088300000, 0x0000000088300000, 0x0000000088400000|  0%| F|  |TAMS 0x0000000088300000, 0x0000000088300000| Untracked 
|  60|0x0000000088400000, 0x0000000088400000, 0x0000000088500000|  0%| F|  |TAMS 0x0000000088400000, 0x0000000088400000| Untracked 
|  61|0x0000000088500000, 0x0000000088500000, 0x0000000088600000|  0%| F|  |TAMS 0x0000000088500000, 0x0000000088500000| Untracked 
|  62|0x0000000088600000, 0x0000000088600000, 0x0000000088700000|  0%| F|  |TAMS 0x0000000088600000, 0x0000000088600000| Untracked 
|  63|0x0000000088700000, 0x0000000088700000, 0x0000000088800000|  0%| F|  |TAMS 0x0000000088700000, 0x0000000088700000| Untracked 
|  64|0x0000000088800000, 0x0000000088800000, 0x0000000088900000|  0%| F|  |TAMS 0x0000000088800000, 0x0000000088800000| Untracked 
|  65|0x0000000088900000, 0x0000000088900000, 0x0000000088a00000|  0%| F|  |TAMS 0x0000000088900000, 0x0000000088900000| Untracked 
|  66|0x0000000088a00000, 0x0000000088a00000, 0x0000000088b00000|  0%| F|  |TAMS 0x0000000088a00000, 0x0000000088a00000| Untracked 
|  67|0x0000000088b00000, 0x0000000088b00000, 0x0000000088c00000|  0%| F|  |TAMS 0x0000000088b00000, 0x0000000088b00000| Untracked 
|  68|0x0000000088c00000, 0x0000000088c00000, 0x0000000088d00000|  0%| F|  |TAMS 0x0000000088c00000, 0x0000000088c00000| Untracked 
|  69|0x0000000088d00000, 0x0000000088d00000, 0x0000000088e00000|  0%| F|  |TAMS 0x0000000088d00000, 0x0000000088d00000| Untracked 
|  70|0x0000000088e00000, 0x0000000088e00000, 0x0000000088f00000|  0%| F|  |TAMS 0x0000000088e00000, 0x0000000088e00000| Untracked 
|  71|0x0000000088f00000, 0x0000000088f00000, 0x0000000089000000|  0%| F|  |TAMS 0x0000000088f00000, 0x0000000088f00000| Untracked 
|  72|0x0000000089000000, 0x0000000089000000, 0x0000000089100000|  0%| F|  |TAMS 0x0000000089000000, 0x0000000089000000| Untracked 
|  73|0x0000000089100000, 0x0000000089100000, 0x0000000089200000|  0%| F|  |TAMS 0x0000000089100000, 0x0000000089100000| Untracked 
|  74|0x0000000089200000, 0x0000000089200000, 0x0000000089300000|  0%| F|  |TAMS 0x0000000089200000, 0x0000000089200000| Untracked 
|  75|0x0000000089300000, 0x0000000089300000, 0x0000000089400000|  0%| F|  |TAMS 0x0000000089300000, 0x0000000089300000| Untracked 
|  76|0x0000000089400000, 0x0000000089400000, 0x0000000089500000|  0%| F|  |TAMS 0x0000000089400000, 0x0000000089400000| Untracked 
|  77|0x0000000089500000, 0x0000000089500000, 0x0000000089600000|  0%| F|  |TAMS 0x0000000089500000, 0x0000000089500000| Untracked 
|  78|0x0000000089600000, 0x0000000089600000, 0x0000000089700000|  0%| F|  |TAMS 0x0000000089600000, 0x0000000089600000| Untracked 
|  79|0x0000000089700000, 0x0000000089700000, 0x0000000089800000|  0%| F|  |TAMS 0x0000000089700000, 0x0000000089700000| Untracked 
|  80|0x0000000089800000, 0x0000000089800000, 0x0000000089900000|  0%| F|  |TAMS 0x0000000089800000, 0x0000000089800000| Untracked 
|  81|0x0000000089900000, 0x0000000089900000, 0x0000000089a00000|  0%| F|  |TAMS 0x0000000089900000, 0x0000000089900000| Untracked 
|  82|0x0000000089a00000, 0x0000000089a00000, 0x0000000089b00000|  0%| F|  |TAMS 0x0000000089a00000, 0x0000000089a00000| Untracked 
|  83|0x0000000089b00000, 0x0000000089b00000, 0x0000000089c00000|  0%| F|  |TAMS 0x0000000089b00000, 0x0000000089b00000| Untracked 
|  84|0x0000000089c00000, 0x0000000089c00000, 0x0000000089d00000|  0%| F|  |TAMS 0x0000000089c00000, 0x0000000089c00000| Untracked 
|  85|0x0000000089d00000, 0x0000000089d00000, 0x0000000089e00000|  0%| F|  |TAMS 0x0000000089d00000, 0x0000000089d00000| Untracked 
|  86|0x0000000089e00000, 0x0000000089e00000, 0x0000000089f00000|  0%| F|  |TAMS 0x0000000089e00000, 0x0000000089e00000| Untracked 
|  87|0x0000000089f00000, 0x0000000089f00000, 0x000000008a000000|  0%| F|  |TAMS 0x0000000089f00000, 0x0000000089f00000| Untracked 
|  88|0x000000008a000000, 0x000000008a000000, 0x000000008a100000|  0%| F|  |TAMS 0x000000008a000000, 0x000000008a000000| Untracked 
|  89|0x000000008a100000, 0x000000008a100000, 0x000000008a200000|  0%| F|  |TAMS 0x000000008a100000, 0x000000008a100000| Untracked 
|  90|0x000000008a200000, 0x000000008a200000, 0x000000008a300000|  0%| F|  |TAMS 0x000000008a200000, 0x000000008a200000| Untracked 
|  91|0x000000008a300000, 0x000000008a300000, 0x000000008a400000|  0%| F|  |TAMS 0x000000008a300000, 0x000000008a300000| Untracked 
|  92|0x000000008a400000, 0x000000008a400000, 0x000000008a500000|  0%| F|  |TAMS 0x000000008a400000, 0x000000008a400000| Untracked 
|  93|0x000000008a500000, 0x000000008a500000, 0x000000008a600000|  0%| F|  |TAMS 0x000000008a500000, 0x000000008a500000| Untracked 
|  94|0x000000008a600000, 0x000000008a600000, 0x000000008a700000|  0%| F|  |TAMS 0x000000008a600000, 0x000000008a600000| Untracked 
|  95|0x000000008a700000, 0x000000008a700000, 0x000000008a800000|  0%| F|  |TAMS 0x000000008a700000, 0x000000008a700000| Untracked 
|  96|0x000000008a800000, 0x000000008a800000, 0x000000008a900000|  0%| F|  |TAMS 0x000000008a800000, 0x000000008a800000| Untracked 
|  97|0x000000008a900000, 0x000000008a900000, 0x000000008aa00000|  0%| F|  |TAMS 0x000000008a900000, 0x000000008a900000| Untracked 
|  98|0x000000008aa00000, 0x000000008aa00000, 0x000000008ab00000|  0%| F|  |TAMS 0x000000008aa00000, 0x000000008aa00000| Untracked 
|  99|0x000000008ab00000, 0x000000008ab00000, 0x000000008ac00000|  0%| F|  |TAMS 0x000000008ab00000, 0x000000008ab00000| Untracked 
| 100|0x000000008ac00000, 0x000000008ac00000, 0x000000008ad00000|  0%| F|  |TAMS 0x000000008ac00000, 0x000000008ac00000| Untracked 
| 101|0x000000008ad00000, 0x000000008ad00000, 0x000000008ae00000|  0%| F|  |TAMS 0x000000008ad00000, 0x000000008ad00000| Untracked 
| 102|0x000000008ae00000, 0x000000008ae00000, 0x000000008af00000|  0%| F|  |TAMS 0x000000008ae00000, 0x000000008ae00000| Untracked 
| 103|0x000000008af00000, 0x000000008af00000, 0x000000008b000000|  0%| F|  |TAMS 0x000000008af00000, 0x000000008af00000| Untracked 
| 104|0x000000008b000000, 0x000000008b000000, 0x000000008b100000|  0%| F|  |TAMS 0x000000008b000000, 0x000000008b000000| Untracked 
| 105|0x000000008b100000, 0x000000008b100000, 0x000000008b200000|  0%| F|  |TAMS 0x000000008b100000, 0x000000008b100000| Untracked 
| 106|0x000000008b200000, 0x000000008b200000, 0x000000008b300000|  0%| F|  |TAMS 0x000000008b200000, 0x000000008b200000| Untracked 
| 107|0x000000008b300000, 0x000000008b300000, 0x000000008b400000|  0%| F|  |TAMS 0x000000008b300000, 0x000000008b300000| Untracked 
| 108|0x000000008b400000, 0x000000008b400000, 0x000000008b500000|  0%| F|  |TAMS 0x000000008b400000, 0x000000008b400000| Untracked 
| 109|0x000000008b500000, 0x000000008b500000, 0x000000008b600000|  0%| F|  |TAMS 0x000000008b500000, 0x000000008b500000| Untracked 
| 110|0x000000008b600000, 0x000000008b600000, 0x000000008b700000|  0%| F|  |TAMS 0x000000008b600000, 0x000000008b600000| Untracked 
| 111|0x000000008b700000, 0x000000008b700000, 0x000000008b800000|  0%| F|  |TAMS 0x000000008b700000, 0x000000008b700000| Untracked 
| 112|0x000000008b800000, 0x000000008b800000, 0x000000008b900000|  0%| F|  |TAMS 0x000000008b800000, 0x000000008b800000| Untracked 
| 113|0x000000008b900000, 0x000000008b900000, 0x000000008ba00000|  0%| F|  |TAMS 0x000000008b900000, 0x000000008b900000| Untracked 
| 114|0x000000008ba00000, 0x000000008ba00000, 0x000000008bb00000|  0%| F|  |TAMS 0x000000008ba00000, 0x000000008ba00000| Untracked 
| 115|0x000000008bb00000, 0x000000008bb00000, 0x000000008bc00000|  0%| F|  |TAMS 0x000000008bb00000, 0x000000008bb00000| Untracked 
| 116|0x000000008bc00000, 0x000000008bc00000, 0x000000008bd00000|  0%| F|  |TAMS 0x000000008bc00000, 0x000000008bc00000| Untracked 
| 117|0x000000008bd00000, 0x000000008bd00000, 0x000000008be00000|  0%| F|  |TAMS 0x000000008bd00000, 0x000000008bd00000| Untracked 
| 118|0x000000008be00000, 0x000000008be00000, 0x000000008bf00000|  0%| F|  |TAMS 0x000000008be00000, 0x000000008be00000| Untracked 
| 119|0x000000008bf00000, 0x000000008bf00000, 0x000000008c000000|  0%| F|  |TAMS 0x000000008bf00000, 0x000000008bf00000| Untracked 
| 120|0x000000008c000000, 0x000000008c0ece70, 0x000000008c100000| 92%| E|  |TAMS 0x000000008c000000, 0x000000008c000000| Complete 
| 121|0x000000008c100000, 0x000000008c200000, 0x000000008c200000|100%| E|CS|TAMS 0x000000008c100000, 0x000000008c100000| Complete 
| 122|0x000000008c200000, 0x000000008c300000, 0x000000008c300000|100%| E|CS|TAMS 0x000000008c200000, 0x000000008c200000| Complete 
| 123|0x000000008c300000, 0x000000008c400000, 0x000000008c400000|100%| E|CS|TAMS 0x000000008c300000, 0x000000008c300000| Complete 

Card table byte_map: [0x00000194631f0000,0x00000194635d0000] _byte_map_base: 0x0000019462dcc000

Marking Bits (Prev, Next): (CMBitMap*) 0x0000019449e401e0, (CMBitMap*) 0x0000019449e40220
 Prev Bits: [0x00000194639b0000, 0x0000019465890000)
 Next Bits: [0x0000019465890000, 0x0000019467770000)

Polling page: 0x0000019449d70000

Metaspace:

Usage:
  Non-class:      5.47 MB used.
      Class:    504.85 KB used.
       Both:      5.97 MB used.

Virtual space:
  Non-class space:       64.00 MB reserved,       5.50 MB (  9%) committed,  1 nodes.
      Class space:        1.00 GB reserved,     640.00 KB ( <1%) committed,  1 nodes.
             Both:        1.06 GB reserved,       6.12 MB ( <1%) committed. 

Chunk freelists:
   Non-Class:  10.32 MB
       Class:  15.25 MB
        Both:  25.57 MB

MaxMetaspaceSize: unlimited
CompressedClassSpaceSize: 1.00 GB
Initial GC threshold: 21.00 MB
Current GC threshold: 21.00 MB
CDS: off
MetaspaceReclaimPolicy: balanced
 - commit_granule_bytes: 65536.
 - commit_granule_words: 8192.
 - virtual_space_node_default_size: 8388608.
 - enlarge_chunks_in_place: 1.
 - new_chunks_are_fully_committed: 0.
 - uncommit_free_chunks: 1.
 - use_allocation_guard: 0.
 - handle_deallocations: 1.


Internal statistics:

num_allocs_failed_limit: 0.
num_arena_births: 8.
num_arena_deaths: 0.
num_vsnodes_births: 2.
num_vsnodes_deaths: 0.
num_space_committed: 98.
num_space_uncommitted: 0.
num_chunks_returned_to_freelist: 0.
num_chunks_taken_from_freelist: 27.
num_chunk_merges: 0.
num_chunk_splits: 13.
num_chunks_enlarged: 7.
num_inconsistent_stats: 0.

CodeHeap 'non-profiled nmethods': size=119168Kb used=36Kb max_used=36Kb free=119131Kb
 bounds [0x000001945a9f0000, 0x000001945ac60000, 0x0000019461e50000]
CodeHeap 'profiled nmethods': size=119104Kb used=251Kb max_used=251Kb free=118852Kb
 bounds [0x0000019452e50000, 0x00000194530c0000, 0x000001945a2a0000]
CodeHeap 'non-nmethods': size=7488Kb used=2787Kb max_used=2787Kb free=4700Kb
 bounds [0x000001945a2a0000, 0x000001945a560000, 0x000001945a9f0000]
 total_blobs=556 nmethods=180 adapters=286
 compilation: enabled
              stopped_count=0, restarted_count=0
 full_count=0

Compilation events (20 events):
Event: 0.194 Thread 0x00000194041dd800 nmethod 133 0x000001945a9f5890 code [0x000001945a9f5a20, 0x000001945a9f5af8]
Event: 0.196 Thread 0x00000194041d92c0  134       3       java.lang.System::getSecurityManager (12 bytes)
Event: 0.196 Thread 0x00000194041dd800  135       3       java.lang.System::allowSecurityManager (13 bytes)
Event: 0.196 Thread 0x00000194041d92c0 nmethod 134 0x0000019452e7cd10 code [0x0000019452e7cea0, 0x0000019452e7d018]
Event: 0.196 Thread 0x00000194041dd800 nmethod 135 0x0000019452e7d110 code [0x0000019452e7d2a0, 0x0000019452e7d3b8]
Event: 0.198 Thread 0x0000019404061310  136       4       java.lang.AbstractStringBuilder::ensureCapacityInternal (39 bytes)
Event: 0.198 Thread 0x00000194041dd800  137       3       jdk.internal.misc.Unsafe::putReferenceRelease (9 bytes)
Event: 0.198 Thread 0x00000194041d92c0  139       3       java.util.concurrent.ConcurrentHashMap::setTabAt (20 bytes)
Event: 0.198 Thread 0x00000194041dd800 nmethod 137 0x0000019452e7d410 code [0x0000019452e7d5a0, 0x0000019452e7d6f8]
Event: 0.199 Thread 0x00000194041d92c0 nmethod 139 0x0000019452e7d790 code [0x0000019452e7d940, 0x0000019452e7db48]
Event: 0.199 Thread 0x00000194041dd800  140       3       java.util.Properties::loadConvert (540 bytes)
Event: 0.199 Thread 0x00000194041d92c0  143       3       java.lang.StringUTF16::compress (50 bytes)
Event: 0.199 Thread 0x0000019404061dc0  144       3       java.util.Properties$LineReader::readLine (584 bytes)
Event: 0.199 Thread 0x00000194041d92c0 nmethod 143 0x0000019452e7dc10 code [0x0000019452e7ddc0, 0x0000019452e7e018]
Event: 0.200 Thread 0x00000194041dd800 nmethod 140 0x0000019452e7e190 code [0x0000019452e7e480, 0x0000019452e7f898]
Event: 0.201 Thread 0x00000194041d92c0  145       3       java.util.HashMap::putVal (300 bytes)
Event: 0.201 Thread 0x00000194041dd800  146       3       java.util.concurrent.ConcurrentHashMap::get (162 bytes)
Event: 0.201 Thread 0x0000019404244cd0  147       3       java.util.concurrent.ConcurrentHashMap::put (8 bytes)
Event: 0.201 Thread 0x0000019404244cd0 nmethod 147 0x0000019452e7ff10 code [0x0000019452e800a0, 0x0000019452e801e8]
Event: 0.201 Thread 0x0000019404244cd0  148       3       java.lang.CharacterData::of (136 bytes)

GC Heap History (0 events):
No events

Deoptimization events (0 events):
No events

Classes unloaded (0 events):
No events

Classes redefined (0 events):
No events

Internal exceptions (0 events):
No events

VM Operations (2 events):
Event: 0.154 Executing VM operation: HandshakeAllThreads
Event: 0.154 Executing VM operation: HandshakeAllThreads done

Events (20 events):
Event: 0.195 loading class java/util/concurrent/locks/AbstractQueuedSynchronizer
Event: 0.195 loading class java/util/concurrent/locks/AbstractQueuedSynchronizer done
Event: 0.195 loading class java/util/concurrent/Semaphore$Sync done
Event: 0.195 loading class java/util/concurrent/Semaphore$NonfairSync done
Event: 0.197 loading class java/util/Properties$LineReader
Event: 0.197 loading class java/util/Properties$LineReader done
Event: 0.200 loading class java/util/Properties$EntrySet
Event: 0.200 loading class java/util/Properties$EntrySet done
Event: 0.200 loading class java/util/concurrent/ConcurrentHashMap$EntrySetView
Event: 0.200 loading class java/util/concurrent/ConcurrentHashMap$EntrySetView done
Event: 0.200 loading class java/util/Collections$SynchronizedSet
Event: 0.200 loading class java/util/Collections$SynchronizedCollection
Event: 0.200 loading class java/util/Collections$SynchronizedCollection done
Event: 0.200 loading class java/util/Collections$SynchronizedSet done
Event: 0.201 loading class java/util/concurrent/ConcurrentHashMap$EntryIterator
Event: 0.201 loading class java/util/concurrent/ConcurrentHashMap$EntryIterator done
Event: 0.201 loading class java/util/concurrent/ConcurrentHashMap$MapEntry
Event: 0.201 loading class java/util/concurrent/ConcurrentHashMap$MapEntry done
Event: 0.201 loading class java/util/Collections$UnmodifiableCollection$1
Event: 0.201 loading class java/util/Collections$UnmodifiableCollection$1 done


Dynamic libraries:
0x00007ff6169e0000 - 0x00007ff6169f0000 	C:\Program Files\Java\jdk-17\bin\java.exe
0x00007fff793f0000 - 0x00007fff79607000 	C:\WINDOWS\SYSTEM32\ntdll.dll
0x00007fff78e90000 - 0x00007fff78f54000 	C:\WINDOWS\System32\KERNEL32.DLL
0x00007fff76950000 - 0x00007fff76cfd000 	C:\WINDOWS\System32\KERNELBASE.dll
0x00007fff76830000 - 0x00007fff76941000 	C:\WINDOWS\System32\ucrtbase.dll
0x00007fff5d160000 - 0x00007fff5d179000 	C:\Program Files\Java\jdk-17\bin\jli.dll
0x00007fff5c110000 - 0x00007fff5c12b000 	C:\Program Files\Java\jdk-17\bin\VCRUNTIME140.dll
0x00007fff78f60000 - 0x00007fff79012000 	C:\WINDOWS\System32\ADVAPI32.dll
0x00007fff78a30000 - 0x00007fff78ad7000 	C:\WINDOWS\System32\msvcrt.dll
0x00007fff77790000 - 0x00007fff77839000 	C:\WINDOWS\System32\sechost.dll
0x00007fff76800000 - 0x00007fff76828000 	C:\WINDOWS\System32\bcrypt.dll
0x00007fff774e0000 - 0x00007fff775f4000 	C:\WINDOWS\System32\RPCRT4.dll
0x00007fff79020000 - 0x00007fff791ce000 	C:\WINDOWS\System32\USER32.dll
0x00007fff77050000 - 0x00007fff77076000 	C:\WINDOWS\System32\win32u.dll
0x00007fff791e0000 - 0x00007fff79209000 	C:\WINDOWS\System32\GDI32.dll
0x00007fff76f30000 - 0x00007fff77049000 	C:\WINDOWS\System32\gdi32full.dll
0x00007fff77080000 - 0x00007fff7711a000 	C:\WINDOWS\System32\msvcp_win.dll
0x00007fff56b50000 - 0x00007fff56de3000 	C:\WINDOWS\WinSxS\amd64_microsoft.windows.common-controls_6595b64144ccf1df_6.0.22621.3672_none_2713b9d173822955\COMCTL32.dll
0x00007fff76370000 - 0x00007fff7637a000 	C:\WINDOWS\SYSTEM32\VERSION.dll
0x00007fff77120000 - 0x00007fff77151000 	C:\WINDOWS\System32\IMM32.DLL
0x000000006de20000 - 0x000000006de2c000 	C:\Program Files (x86)\360\Total Security\safemon\SafeWrapper.dll
0x00007fff3b240000 - 0x00007fff3b2d2000 	C:\Program Files (x86)\360\Total Security\safemon\libzdtp64.dll
0x00007fff77e00000 - 0x00007fff78667000 	C:\WINDOWS\System32\SHELL32.dll
0x00007fff78670000 - 0x00007fff786ce000 	C:\WINDOWS\System32\SHLWAPI.dll
0x00007fff6f590000 - 0x00007fff6f59c000 	C:\Program Files\Java\jdk-17\bin\vcruntime140_1.dll
0x00007fff11740000 - 0x00007fff117ce000 	C:\Program Files\Java\jdk-17\bin\msvcp140.dll
0x00007ffed71a0000 - 0x00007ffed7d80000 	C:\Program Files\Java\jdk-17\bin\server\jvm.dll
0x00007fff78990000 - 0x00007fff78998000 	C:\WINDOWS\System32\PSAPI.DLL
0x00007fff58a60000 - 0x00007fff58a69000 	C:\WINDOWS\SYSTEM32\WSOCK32.dll
0x00007fff6f780000 - 0x00007fff6f7b4000 	C:\WINDOWS\SYSTEM32\WINMM.dll
0x00007fff79210000 - 0x00007fff79281000 	C:\WINDOWS\System32\WS2_32.dll
0x00007fff757e0000 - 0x00007fff757f8000 	C:\WINDOWS\SYSTEM32\kernel.appcore.dll
0x00007fff694a0000 - 0x00007fff694aa000 	C:\Program Files\Java\jdk-17\bin\jimage.dll
0x00007fff741f0000 - 0x00007fff74422000 	C:\WINDOWS\SYSTEM32\DBGHELP.DLL
0x00007fff78b00000 - 0x00007fff78e8e000 	C:\WINDOWS\System32\combase.dll
0x00007fff77600000 - 0x00007fff776d7000 	C:\WINDOWS\System32\OLEAUT32.dll
0x00007fff69150000 - 0x00007fff69182000 	C:\WINDOWS\SYSTEM32\dbgcore.DLL
0x00007fff76710000 - 0x00007fff7678b000 	C:\WINDOWS\System32\bcryptPrimitives.dll
0x00007fff5c0e0000 - 0x00007fff5c105000 	C:\Program Files\Java\jdk-17\bin\java.dll
0x00007fff107c0000 - 0x00007fff10897000 	C:\Program Files\Java\jdk-17\bin\jsvml.dll
0x00007fff74430000 - 0x00007fff74d2f000 	C:\WINDOWS\SYSTEM32\windows.storage.dll
0x00007fff740b0000 - 0x00007fff741ef000 	C:\WINDOWS\SYSTEM32\wintypes.dll
0x00007fff786d0000 - 0x00007fff787c9000 	C:\WINDOWS\System32\SHCORE.dll
0x00007fff76640000 - 0x00007fff76667000 	C:\WINDOWS\SYSTEM32\profapi.dll
0x00007fff52780000 - 0x00007fff52799000 	C:\Program Files\Java\jdk-17\bin\net.dll
0x00007fff70260000 - 0x00007fff70396000 	C:\WINDOWS\SYSTEM32\WINHTTP.dll
0x00007fff75c50000 - 0x00007fff75cb9000 	C:\WINDOWS\system32\mswsock.dll
0x00007fff4d8d0000 - 0x00007fff4d8e6000 	C:\Program Files\Java\jdk-17\bin\nio.dll
0x00007fff43a20000 - 0x00007fff43a38000 	C:\Program Files\Java\jdk-17\bin\zip.dll
0x00007fff5d080000 - 0x00007fff5d08a000 	C:\Program Files\Java\jdk-17\bin\management.dll

dbghelp: loaded successfully - version: 4.0.5 - missing functions: none
symbol engine: initialized successfully - sym options: 0x614 - pdb path: .;C:\Program Files\Java\jdk-17\bin;C:\WINDOWS\SYSTEM32;C:\WINDOWS\WinSxS\amd64_microsoft.windows.common-controls_6595b64144ccf1df_6.0.22621.3672_none_2713b9d173822955;C:\Program Files (x86)\360\Total Security\safemon;C:\Program Files\Java\jdk-17\bin\server

VM Arguments:
java_command: C:\Users\chira\AppData\Local\Temp\surefire18076356830259901355\surefirebooter-20241001235211869_3.jar C:\Users\chira\AppData\Local\Temp\surefire18076356830259901355 2024-10-01T23-52-11_598-jvmRun1 surefire-20241001235211869_1tmp surefire_0-20241001235211869_2tmp
java_class_path (initial): C:\Users\chira\AppData\Local\Temp\surefire18076356830259901355\surefirebooter-20241001235211869_3.jar
Launcher Type: SUN_STANDARD

[Global flags]
     intx CICompilerCount                          = 12                                        {product} {ergonomic}
     uint ConcGCThreads                            = 3                                         {product} {ergonomic}
     uint G1ConcRefinementThreads                  = 13                                        {product} {ergonomic}
   size_t G1HeapRegionSize                         = 1048576                                   {product} {ergonomic}
    uintx GCDrainStackTargetSize                   = 64                                        {product} {ergonomic}
   size_t InitialHeapSize                          = 130023424                                 {product} {ergonomic}
   size_t MarkStackSize                            = 4194304                                   {product} {ergonomic}
   size_t MaxHeapSize                              = 2071986176                                {product} {ergonomic}
   size_t MaxNewSize                               = 1242562560                                {product} {ergonomic}
   size_t MinHeapDeltaBytes                        = 1048576                                   {product} {ergonomic}
   size_t MinHeapSize                              = 8388608                                   {product} {ergonomic}
    uintx NonNMethodCodeHeapSize                   = 7602480                                {pd product} {ergonomic}
    uintx NonProfiledCodeHeapSize                  = 122027880                              {pd product} {ergonomic}
    uintx ProfiledCodeHeapSize                     = 122027880                              {pd product} {ergonomic}
    uintx ReservedCodeCacheSize                    = 251658240                              {pd product} {ergonomic}
     bool SegmentedCodeCache                       = true                                      {product} {ergonomic}
   size_t SoftMaxHeapSize                          = 2071986176                             {manageable} {ergonomic}
     bool UseCompressedClassPointers               = true                           {product lp64_product} {ergonomic}
     bool UseCompressedOops                        = true                           {product lp64_product} {ergonomic}
     bool UseG1GC                                  = true                                      {product} {ergonomic}
     bool UseLargePagesIndividualAllocation        = false                                  {pd product} {ergonomic}

Logging:
Log output configuration:
 #0: stdout all=warning uptime,level,tags
 #1: stderr all=off uptime,level,tags

Environment Variables:
JAVA_HOME=C:\Program Files\Java\jdk-17
PATH=C:\Users\chira\apache-maven-3.9.9-bin\apache-maven-3.9.9/bin;C:\Program Files\Java\jdk-17/bin;C:\Program Files\Java\jdk-17/bin;C:\Program Files\Common Files\Oracle\Java\javapath;C:\Windows\system32;C:\Windows;C:\Windows\System32\Wbem;C:\Windows\System32\WindowsPowerShell\v1.0\;C:\Windows\System32\OpenSSH\;C:\Program Files (x86)\NVIDIA Corporation\PhysX\Common;C:\Program Files\NVIDIA Corporation\NVIDIA NvDLISR;C:\WINDOWS\system32;C:\WINDOWS;C:\WINDOWS\System32\Wbem;C:\WINDOWS\System32\WindowsPowerShell\v1.0\;C:\WINDOWS\System32\OpenSSH\;C:\Program Files (x86)\NetSarang\Xshell 7\;C:\Program Files\Java\jdk-17\bin;C:\Program Files\Docker\Docker\resources\bin;C:\Users\chira\apache-maven-3.9.9-bin\apache-maven-3.9.9\bin;C:\Program Files\Git\cmd;C:\Users\chira\AppData\Local\Microsoft\WindowsApps;C:\Program Files\JetBrains\PyCharm Community Edition 2022.2.1\bin;;C:\questasim64_10.7c\win64;C:\Users\chira\AppData\Local\Programs\Microsoft VS Code\bin
USERNAME=chira
OS=Windows_NT
PROCESSOR_IDENTIFIER=Intel64 Family 6 Model 154 Stepping 3, GenuineIntel



---------------  S Y S T E M  ---------------

OS:
 Windows 11 , 64 bit Build 22621 (10.0.22621.3958)
OS uptime: 0 days 11:49 hours
Hyper-V role detected

CPU: total 16 (initial active 16) (8 cores per cpu, 2 threads per core) family 6 model 154 stepping 3 microcode 0x419, cx8, cmov, fxsr, ht, mmx, 3dnowpref, sse, sse2, sse3, ssse3, sse4.1, sse4.2, popcnt, lzcnt, tsc, tscinvbit, avx, avx2, aes, erms, clmul, bmi1, bmi2, adx, sha, fma, vzeroupper, clflush, clflushopt, clwb, hv

Memory: 4k page, system-wide physical 7896M (520M free)
TotalPageFile size 11896M (AvailPageFile size 2M)
current process WorkingSet (physical memory assigned to process): 34M, peak: 34M
current process commit charge ("private bytes"): 214M, peak: 214M

vm_info: Java HotSpot(TM) 64-Bit Server VM (17.0.12+8-LTS-286) for windows-amd64 JRE (17.0.12+8-LTS-286), built on Jun  5 2024 06:46:59 by "mach5one" with MS VC++ 17.6 (VS2022)

END.
