#
# There is insufficient memory for the Java Runtime Environment to continue.
# Native memory allocation (mmap) failed to map 65536 bytes for Failed to commit metaspace.
# Possible reasons:
#   The system is out of physical RAM or swap space
#   The process is running with CompressedOops enabled, and the Java Heap may be blocking the growth of the native heap
# Possible solutions:
#   Reduce memory load on the system
#   Increase physical memory or swap space
#   Check if swap backing store is full
#   Decrease Java heap size (-Xmx/-Xms)
#   Decrease number of Java threads
#   Decrease Java thread stack sizes (-Xss)
#   Set larger code cache with -XX:ReservedCodeCacheSize=
#   JVM is running with Unscaled Compressed Oops mode in which the Java heap is
#     placed in the first 4GB address space. The Java Heap base address is the
#     maximum limit for the native heap growth. Please use -XX:HeapBaseMinAddress
#     to set the Java Heap base and to place the Java Heap above 4GB virtual address.
# This output file may be truncated or incomplete.
#
#  Out of Memory Error (virtualSpaceNode.cpp:110), pid=73652, tid=73068
#
# JRE version: Java(TM) SE Runtime Environment (17.0.12+8) (build 17.0.12+8-LTS-286)
# Java VM: Java HotSpot(TM) 64-Bit Server VM (17.0.12+8-LTS-286, mixed mode, sharing, tiered, compressed oops, compressed class ptrs, g1 gc, windows-amd64)
# No core dump will be written. Minidumps are not enabled by default on client versions of Windows
#

---------------  S U M M A R Y ------------

Command Line: jenkins.maven3.agent.Maven35Main C:\Users\chira\apache-maven-3.9.9-bin\apache-maven-3.9.9 C:\Users\chira\.jenkins\war\WEB-INF\lib\remoting-3248.3250.v3277a_8e88c9b_.jar C:\Users\chira\.jenkins\plugins\maven-plugin\WEB-INF\lib\maven35-interceptor-1.14.jar C:\Users\chira\.jenkins\plugins\maven-plugin\WEB-INF\lib\maven3-interceptor-commons-1.14.jar 62772

Host: 12th Gen Intel(R) Core(TM) i5-1240P, 16 cores, 7G,  Windows 11 , 64 bit Build 22621 (10.0.22621.3958)
Time: Tue Oct  1 23:54:02 2024 India Standard Time elapsed time: 0.342282 seconds (0d 0h 0m 0s)

---------------  T H R E A D  ---------------

Current thread (0x000001d66d3577f0):  JavaThread "main" [_thread_in_vm, id=73068, stack(0x000000c2e2700000,0x000000c2e2800000)]

Stack: [0x000000c2e2700000,0x000000c2e2800000]
Native frames: (J=compiled Java code, j=interpreted, Vv=VM code, C=native code)
V  [jvm.dll+0x67a04a]
V  [jvm.dll+0x7da4ed]
V  [jvm.dll+0x7dbe33]
V  [jvm.dll+0x7dc4a3]
V  [jvm.dll+0x24508f]
V  [jvm.dll+0x7d60bb]
V  [jvm.dll+0x6206c6]
V  [jvm.dll+0x62072a]
V  [jvm.dll+0x622f4d]
V  [jvm.dll+0x621086]
V  [jvm.dll+0x631f09]
V  [jvm.dll+0x62b264]
V  [jvm.dll+0x37d8f1]
C  0x000001d60745c6b3

Java frames: (J=compiled Java code, j=interpreted, Vv=VM code)
j  sun.util.resources.Bundles$CacheKey.setProviders(Ljava/util/ServiceLoader;)V+0 java.base@17.0.12
j  sun.util.resources.Bundles.loadBundleOf(Ljava/lang/String;Ljava/util/Locale;Lsun/util/resources/Bundles$Strategy;)Ljava/util/ResourceBundle;+93 java.base@17.0.12
j  sun.util.resources.Bundles.of(Ljava/lang/String;Ljava/util/Locale;Lsun/util/resources/Bundles$Strategy;)Ljava/util/ResourceBundle;+3 java.base@17.0.12
j  sun.util.resources.LocaleData$1.run()Ljava/util/ResourceBundle;+11 java.base@17.0.12
j  sun.util.resources.LocaleData$1.run()Ljava/lang/Object;+1 java.base@17.0.12
j  java.security.AccessController.executePrivileged(Ljava/security/PrivilegedAction;Ljava/security/AccessControlContext;Ljava/lang/Class;)Ljava/lang/Object;+29 java.base@17.0.12
j  java.security.AccessController.doPrivileged(Ljava/security/PrivilegedAction;)Ljava/lang/Object;+5 java.base@17.0.12
j  sun.util.resources.LocaleData.getBundle(Ljava/lang/String;Ljava/util/Locale;)Ljava/util/ResourceBundle;+9 java.base@17.0.12
j  sun.util.resources.LocaleData.getNumberFormatData(Ljava/util/Locale;)Ljava/util/ResourceBundle;+26 java.base@17.0.12
j  sun.util.locale.provider.LocaleResources.getDecimalFormatSymbolsData()[Ljava/lang/Object;+43 java.base@17.0.12
j  java.text.DecimalFormatSymbols.initialize(Ljava/util/Locale;)V+46 java.base@17.0.12
j  java.text.DecimalFormatSymbols.<init>(Ljava/util/Locale;)V+11 java.base@17.0.12
j  sun.util.locale.provider.DecimalFormatSymbolsProviderImpl.getInstance(Ljava/util/Locale;)Ljava/text/DecimalFormatSymbols;+17 java.base@17.0.12
j  java.text.DecimalFormatSymbols.getInstance(Ljava/util/Locale;)Ljava/text/DecimalFormatSymbols;+14 java.base@17.0.12
j  java.util.Formatter.zero()C+35 java.base@17.0.12
j  java.util.Formatter$FormatSpecifier.getZero(Ljava/util/Locale;)C+32 java.base@17.0.12
j  java.util.Formatter$FormatSpecifier.localizedMagnitude(Ljava/lang/StringBuilder;Ljava/lang/CharSequence;ILjava/util/Formatter$Flags;ILjava/util/Locale;)Ljava/lang/StringBuilder;+21 java.base@17.0.12
j  java.util.Formatter$FormatSpecifier.print(JLjava/util/Locale;)V+82 java.base@17.0.12
j  java.util.Formatter$FormatSpecifier.print(ILjava/util/Locale;)V+55 java.base@17.0.12
j  java.util.Formatter$FormatSpecifier.printInteger(Ljava/lang/Object;Ljava/util/Locale;)V+74 java.base@17.0.12
j  java.util.Formatter$FormatSpecifier.print(Ljava/lang/Object;Ljava/util/Locale;)V+135 java.base@17.0.12
j  java.util.Formatter.format(Ljava/util/Locale;Ljava/lang/String;[Ljava/lang/Object;)Ljava/util/Formatter;+202 java.base@17.0.12
j  java.util.Formatter.format(Ljava/lang/String;[Ljava/lang/Object;)Ljava/util/Formatter;+7 java.base@17.0.12
j  java.lang.String.format(Ljava/lang/String;[Ljava/lang/Object;)Ljava/lang/String;+9 java.base@17.0.12
j  hudson.remoting.NamingThreadFactory.newThread(Ljava/lang/Runnable;)Ljava/lang/Thread;+38
j  hudson.remoting.AtmostOneThreadExecutor.execute(Ljava/lang/Runnable;)V+53
j  java.util.concurrent.AbstractExecutorService.submit(Ljava/lang/Runnable;)Ljava/util/concurrent/Future;+21 java.base@17.0.12
j  hudson.remoting.RemoteInvocationHandler$Unexporter.watch(Lhudson/remoting/RemoteInvocationHandler;)V+109
j  hudson.remoting.RemoteInvocationHandler.wrap(Lhudson/remoting/Channel;ILjava/lang/Class;ZZZZ)Ljava/lang/Object;+59
j  hudson.remoting.Channel.<init>(Lhudson/remoting/ChannelBuilder;Lhudson/remoting/CommandTransport;)V+389
j  hudson.remoting.ChannelBuilder.build(Ljava/io/InputStream;Ljava/io/OutputStream;)Lhudson/remoting/Channel;+11
j  hudson.remoting.Launcher.main(Ljava/io/InputStream;Ljava/io/OutputStream;Lhudson/remoting/Channel$Mode;ZLhudson/remoting/JarCache;)V+49
j  hudson.remoting.Launcher.main(Ljava/io/InputStream;Ljava/io/OutputStream;Lhudson/remoting/Channel$Mode;Z)V+5
j  hudson.remoting.Launcher.main(Ljava/io/InputStream;Ljava/io/OutputStream;Lhudson/remoting/Channel$Mode;)V+4
j  hudson.remoting.Launcher.main(Ljava/io/InputStream;Ljava/io/OutputStream;)V+5
v  ~StubRoutines::call_stub
j  jdk.internal.reflect.NativeMethodAccessorImpl.invoke0(Ljava/lang/reflect/Method;Ljava/lang/Object;[Ljava/lang/Object;)Ljava/lang/Object;+0 java.base@17.0.12
j  jdk.internal.reflect.NativeMethodAccessorImpl.invoke(Ljava/lang/Object;[Ljava/lang/Object;)Ljava/lang/Object;+133 java.base@17.0.12
j  jdk.internal.reflect.DelegatingMethodAccessorImpl.invoke(Ljava/lang/Object;[Ljava/lang/Object;)Ljava/lang/Object;+6 java.base@17.0.12
j  java.lang.reflect.Method.invoke(Ljava/lang/Object;[Ljava/lang/Object;)Ljava/lang/Object;+59 java.base@17.0.12
j  jenkins.maven3.agent.Maven35Main.main(Ljava/io/File;Ljava/io/File;Ljava/io/File;Ljava/io/File;Ljava/lang/String;I)V+268
j  jenkins.maven3.agent.Maven35Main.main([Ljava/lang/String;)V+122
v  ~StubRoutines::call_stub

---------------  P R O C E S S  ---------------

Threads class SMR info:
_java_thread_list=0x000001d67d00a930, length=14, elements={
0x000001d66d3577f0, 0x000001d67cd735a0, 0x000001d67cd74130, 0x000001d67cd84d20,
0x000001d67cd86600, 0x000001d67cd87ee0, 0x000001d67cd8fcd0, 0x000001d67cd969a0,
0x000001d67cee0140, 0x000001d67cee0a50, 0x000001d67cfd7890, 0x000001d67cfdde90,
0x000001d67d00e620, 0x000001d67d018f30
}

Java Threads: ( => current thread )
=>0x000001d66d3577f0 JavaThread "main" [_thread_in_vm, id=73068, stack(0x000000c2e2700000,0x000000c2e2800000)]
  0x000001d67cd735a0 JavaThread "Reference Handler" daemon [_thread_blocked, id=73024, stack(0x000000c2e2e00000,0x000000c2e2f00000)]
  0x000001d67cd74130 JavaThread "Finalizer" daemon [_thread_blocked, id=68676, stack(0x000000c2e2f00000,0x000000c2e3000000)]
  0x000001d67cd84d20 JavaThread "Signal Dispatcher" daemon [_thread_blocked, id=65588, stack(0x000000c2e3000000,0x000000c2e3100000)]
  0x000001d67cd86600 JavaThread "Attach Listener" daemon [_thread_blocked, id=8376, stack(0x000000c2e3100000,0x000000c2e3200000)]
  0x000001d67cd87ee0 JavaThread "Service Thread" daemon [_thread_blocked, id=57492, stack(0x000000c2e3200000,0x000000c2e3300000)]
  0x000001d67cd8fcd0 JavaThread "Monitor Deflation Thread" daemon [_thread_blocked, id=57444, stack(0x000000c2e3300000,0x000000c2e3400000)]
  0x000001d67cd969a0 JavaThread "C2 CompilerThread0" daemon [_thread_blocked, id=50288, stack(0x000000c2e3400000,0x000000c2e3500000)]
  0x000001d67cee0140 JavaThread "C1 CompilerThread0" daemon [_thread_blocked, id=18964, stack(0x000000c2e3500000,0x000000c2e3600000)]
  0x000001d67cee0a50 JavaThread "Sweeper thread" daemon [_thread_blocked, id=16776, stack(0x000000c2e3600000,0x000000c2e3700000)]
  0x000001d67cfd7890 JavaThread "C1 CompilerThread1" daemon [_thread_blocked, id=72988, stack(0x000000c2e3700000,0x000000c2e3800000)]
  0x000001d67cfdde90 JavaThread "C1 CompilerThread2" daemon [_thread_blocked, id=63168, stack(0x000000c2e3800000,0x000000c2e3900000)]
  0x000001d67d00e620 JavaThread "Notification Thread" daemon [_thread_blocked, id=71572, stack(0x000000c2e3900000,0x000000c2e3a00000)]
  0x000001d67d018f30 JavaThread "Common-Cleaner" daemon [_thread_blocked, id=49044, stack(0x000000c2e3b00000,0x000000c2e3c00000)]

Other Threads:
  0x000001d67cd71ba0 VMThread "VM Thread" [stack: 0x000000c2e2d00000,0x000000c2e2e00000] [id=72104]
  0x000001d67d012b90 WatcherThread [stack: 0x000000c2e3a00000,0x000000c2e3b00000] [id=7720]
  0x000001d66d3affa0 GCTaskThread "GC Thread#0" [stack: 0x000000c2e2800000,0x000000c2e2900000] [id=39664]
  0x000001d66d3c1600 ConcurrentGCThread "G1 Main Marker" [stack: 0x000000c2e2900000,0x000000c2e2a00000] [id=67600]
  0x000001d66d3c3f20 ConcurrentGCThread "G1 Conc#0" [stack: 0x000000c2e2a00000,0x000000c2e2b00000] [id=70836]
  0x000001d67cc120f0 ConcurrentGCThread "G1 Refine#0" [stack: 0x000000c2e2b00000,0x000000c2e2c00000] [id=73208]
  0x000001d67cc13940 ConcurrentGCThread "G1 Service" [stack: 0x000000c2e2c00000,0x000000c2e2d00000] [id=34656]

Threads with active compile tasks:

VM state: not at safepoint (normal execution)

VM Mutex/Monitor currently owned by a thread:  ([mutex/lock_event])
[0x000001d66b09d110] Metaspace_lock - owner thread: 0x000001d66d3577f0

Heap address: 0x0000000084800000, size: 1976 MB, Compressed Oops mode: 32-bit

CDS archive(s) mapped at: [0x000001d60f000000-0x000001d60fbd0000-0x000001d60fbd0000), size 12386304, SharedBaseAddress: 0x000001d60f000000, ArchiveRelocationMode: 1.
Compressed class space mapped at: 0x000001d610000000-0x000001d650000000, reserved size: 1073741824
Narrow klass base: 0x000001d60f000000, Narrow klass shift: 0, Narrow klass range: 0x100000000

GC Precious Log:
 CPUs: 16 total, 16 available
 Memory: 7896M
 Large Page Support: Disabled
 NUMA Support: Disabled
 Compressed Oops: Enabled (32-bit)
 Heap Region Size: 1M
 Heap Min Capacity: 8M
 Heap Initial Capacity: 124M
 Heap Max Capacity: 1976M
 Pre-touch: Disabled
 Parallel Workers: 13
 Concurrent Workers: 3
 Concurrent Refinement Workers: 13
 Periodic GC: Disabled

Heap:
 garbage-first heap   total 126976K, used 6144K [0x0000000084800000, 0x0000000100000000)
  region size 1024K, 6 young (6144K), 0 survivors (0K)
 Metaspace       used 2509K, committed 2624K, reserved 1114112K
  class space    used 255K, committed 320K, reserved 1048576K

Heap Regions: E=young(eden), S=young(survivor), O=old, HS=humongous(starts), HC=humongous(continues), CS=collection set, F=free, OA=open archive, CA=closed archive, TAMS=top-at-mark-start (previous, next)
|   0|0x0000000084800000, 0x0000000084900000, 0x0000000084900000|100%|HS|  |TAMS 0x0000000084800000, 0x0000000084800000| Complete 
|   1|0x0000000084900000, 0x0000000084a00000, 0x0000000084a00000|100%|HC|  |TAMS 0x0000000084900000, 0x0000000084900000| Complete 
|   2|0x0000000084a00000, 0x0000000084a00000, 0x0000000084b00000|  0%| F|  |TAMS 0x0000000084a00000, 0x0000000084a00000| Untracked 
|   3|0x0000000084b00000, 0x0000000084b00000, 0x0000000084c00000|  0%| F|  |TAMS 0x0000000084b00000, 0x0000000084b00000| Untracked 
|   4|0x0000000084c00000, 0x0000000084c00000, 0x0000000084d00000|  0%| F|  |TAMS 0x0000000084c00000, 0x0000000084c00000| Untracked 
|   5|0x0000000084d00000, 0x0000000084d00000, 0x0000000084e00000|  0%| F|  |TAMS 0x0000000084d00000, 0x0000000084d00000| Untracked 
|   6|0x0000000084e00000, 0x0000000084e00000, 0x0000000084f00000|  0%| F|  |TAMS 0x0000000084e00000, 0x0000000084e00000| Untracked 
|   7|0x0000000084f00000, 0x0000000084f00000, 0x0000000085000000|  0%| F|  |TAMS 0x0000000084f00000, 0x0000000084f00000| Untracked 
|   8|0x0000000085000000, 0x0000000085000000, 0x0000000085100000|  0%| F|  |TAMS 0x0000000085000000, 0x0000000085000000| Untracked 
|   9|0x0000000085100000, 0x0000000085100000, 0x0000000085200000|  0%| F|  |TAMS 0x0000000085100000, 0x0000000085100000| Untracked 
|  10|0x0000000085200000, 0x0000000085200000, 0x0000000085300000|  0%| F|  |TAMS 0x0000000085200000, 0x0000000085200000| Untracked 
|  11|0x0000000085300000, 0x0000000085300000, 0x0000000085400000|  0%| F|  |TAMS 0x0000000085300000, 0x0000000085300000| Untracked 
|  12|0x0000000085400000, 0x0000000085400000, 0x0000000085500000|  0%| F|  |TAMS 0x0000000085400000, 0x0000000085400000| Untracked 
|  13|0x0000000085500000, 0x0000000085500000, 0x0000000085600000|  0%| F|  |TAMS 0x0000000085500000, 0x0000000085500000| Untracked 
|  14|0x0000000085600000, 0x0000000085600000, 0x0000000085700000|  0%| F|  |TAMS 0x0000000085600000, 0x0000000085600000| Untracked 
|  15|0x0000000085700000, 0x0000000085700000, 0x0000000085800000|  0%| F|  |TAMS 0x0000000085700000, 0x0000000085700000| Untracked 
|  16|0x0000000085800000, 0x0000000085800000, 0x0000000085900000|  0%| F|  |TAMS 0x0000000085800000, 0x0000000085800000| Untracked 
|  17|0x0000000085900000, 0x0000000085900000, 0x0000000085a00000|  0%| F|  |TAMS 0x0000000085900000, 0x0000000085900000| Untracked 
|  18|0x0000000085a00000, 0x0000000085a00000, 0x0000000085b00000|  0%| F|  |TAMS 0x0000000085a00000, 0x0000000085a00000| Untracked 
|  19|0x0000000085b00000, 0x0000000085b00000, 0x0000000085c00000|  0%| F|  |TAMS 0x0000000085b00000, 0x0000000085b00000| Untracked 
|  20|0x0000000085c00000, 0x0000000085c00000, 0x0000000085d00000|  0%| F|  |TAMS 0x0000000085c00000, 0x0000000085c00000| Untracked 
|  21|0x0000000085d00000, 0x0000000085d00000, 0x0000000085e00000|  0%| F|  |TAMS 0x0000000085d00000, 0x0000000085d00000| Untracked 
|  22|0x0000000085e00000, 0x0000000085e00000, 0x0000000085f00000|  0%| F|  |TAMS 0x0000000085e00000, 0x0000000085e00000| Untracked 
|  23|0x0000000085f00000, 0x0000000085f00000, 0x0000000086000000|  0%| F|  |TAMS 0x0000000085f00000, 0x0000000085f00000| Untracked 
|  24|0x0000000086000000, 0x0000000086000000, 0x0000000086100000|  0%| F|  |TAMS 0x0000000086000000, 0x0000000086000000| Untracked 
|  25|0x0000000086100000, 0x0000000086100000, 0x0000000086200000|  0%| F|  |TAMS 0x0000000086100000, 0x0000000086100000| Untracked 
|  26|0x0000000086200000, 0x0000000086200000, 0x0000000086300000|  0%| F|  |TAMS 0x0000000086200000, 0x0000000086200000| Untracked 
|  27|0x0000000086300000, 0x0000000086300000, 0x0000000086400000|  0%| F|  |TAMS 0x0000000086300000, 0x0000000086300000| Untracked 
|  28|0x0000000086400000, 0x0000000086400000, 0x0000000086500000|  0%| F|  |TAMS 0x0000000086400000, 0x0000000086400000| Untracked 
|  29|0x0000000086500000, 0x0000000086500000, 0x0000000086600000|  0%| F|  |TAMS 0x0000000086500000, 0x0000000086500000| Untracked 
|  30|0x0000000086600000, 0x0000000086600000, 0x0000000086700000|  0%| F|  |TAMS 0x0000000086600000, 0x0000000086600000| Untracked 
|  31|0x0000000086700000, 0x0000000086700000, 0x0000000086800000|  0%| F|  |TAMS 0x0000000086700000, 0x0000000086700000| Untracked 
|  32|0x0000000086800000, 0x0000000086800000, 0x0000000086900000|  0%| F|  |TAMS 0x0000000086800000, 0x0000000086800000| Untracked 
|  33|0x0000000086900000, 0x0000000086900000, 0x0000000086a00000|  0%| F|  |TAMS 0x0000000086900000, 0x0000000086900000| Untracked 
|  34|0x0000000086a00000, 0x0000000086a00000, 0x0000000086b00000|  0%| F|  |TAMS 0x0000000086a00000, 0x0000000086a00000| Untracked 
|  35|0x0000000086b00000, 0x0000000086b00000, 0x0000000086c00000|  0%| F|  |TAMS 0x0000000086b00000, 0x0000000086b00000| Untracked 
|  36|0x0000000086c00000, 0x0000000086c00000, 0x0000000086d00000|  0%| F|  |TAMS 0x0000000086c00000, 0x0000000086c00000| Untracked 
|  37|0x0000000086d00000, 0x0000000086d00000, 0x0000000086e00000|  0%| F|  |TAMS 0x0000000086d00000, 0x0000000086d00000| Untracked 
|  38|0x0000000086e00000, 0x0000000086e00000, 0x0000000086f00000|  0%| F|  |TAMS 0x0000000086e00000, 0x0000000086e00000| Untracked 
|  39|0x0000000086f00000, 0x0000000086f00000, 0x0000000087000000|  0%| F|  |TAMS 0x0000000086f00000, 0x0000000086f00000| Untracked 
|  40|0x0000000087000000, 0x0000000087000000, 0x0000000087100000|  0%| F|  |TAMS 0x0000000087000000, 0x0000000087000000| Untracked 
|  41|0x0000000087100000, 0x0000000087100000, 0x0000000087200000|  0%| F|  |TAMS 0x0000000087100000, 0x0000000087100000| Untracked 
|  42|0x0000000087200000, 0x0000000087200000, 0x0000000087300000|  0%| F|  |TAMS 0x0000000087200000, 0x0000000087200000| Untracked 
|  43|0x0000000087300000, 0x0000000087300000, 0x0000000087400000|  0%| F|  |TAMS 0x0000000087300000, 0x0000000087300000| Untracked 
|  44|0x0000000087400000, 0x0000000087400000, 0x0000000087500000|  0%| F|  |TAMS 0x0000000087400000, 0x0000000087400000| Untracked 
|  45|0x0000000087500000, 0x0000000087500000, 0x0000000087600000|  0%| F|  |TAMS 0x0000000087500000, 0x0000000087500000| Untracked 
|  46|0x0000000087600000, 0x0000000087600000, 0x0000000087700000|  0%| F|  |TAMS 0x0000000087600000, 0x0000000087600000| Untracked 
|  47|0x0000000087700000, 0x0000000087700000, 0x0000000087800000|  0%| F|  |TAMS 0x0000000087700000, 0x0000000087700000| Untracked 
|  48|0x0000000087800000, 0x0000000087800000, 0x0000000087900000|  0%| F|  |TAMS 0x0000000087800000, 0x0000000087800000| Untracked 
|  49|0x0000000087900000, 0x0000000087900000, 0x0000000087a00000|  0%| F|  |TAMS 0x0000000087900000, 0x0000000087900000| Untracked 
|  50|0x0000000087a00000, 0x0000000087a00000, 0x0000000087b00000|  0%| F|  |TAMS 0x0000000087a00000, 0x0000000087a00000| Untracked 
|  51|0x0000000087b00000, 0x0000000087b00000, 0x0000000087c00000|  0%| F|  |TAMS 0x0000000087b00000, 0x0000000087b00000| Untracked 
|  52|0x0000000087c00000, 0x0000000087c00000, 0x0000000087d00000|  0%| F|  |TAMS 0x0000000087c00000, 0x0000000087c00000| Untracked 
|  53|0x0000000087d00000, 0x0000000087d00000, 0x0000000087e00000|  0%| F|  |TAMS 0x0000000087d00000, 0x0000000087d00000| Untracked 
|  54|0x0000000087e00000, 0x0000000087e00000, 0x0000000087f00000|  0%| F|  |TAMS 0x0000000087e00000, 0x0000000087e00000| Untracked 
|  55|0x0000000087f00000, 0x0000000087f00000, 0x0000000088000000|  0%| F|  |TAMS 0x0000000087f00000, 0x0000000087f00000| Untracked 
|  56|0x0000000088000000, 0x0000000088000000, 0x0000000088100000|  0%| F|  |TAMS 0x0000000088000000, 0x0000000088000000| Untracked 
|  57|0x0000000088100000, 0x0000000088100000, 0x0000000088200000|  0%| F|  |TAMS 0x0000000088100000, 0x0000000088100000| Untracked 
|  58|0x0000000088200000, 0x0000000088200000, 0x0000000088300000|  0%| F|  |TAMS 0x0000000088200000, 0x0000000088200000| Untracked 
|  59|0x0000000088300000, 0x0000000088300000, 0x0000000088400000|  0%| F|  |TAMS 0x0000000088300000, 0x0000000088300000| Untracked 
|  60|0x0000000088400000, 0x0000000088400000, 0x0000000088500000|  0%| F|  |TAMS 0x0000000088400000, 0x0000000088400000| Untracked 
|  61|0x0000000088500000, 0x0000000088500000, 0x0000000088600000|  0%| F|  |TAMS 0x0000000088500000, 0x0000000088500000| Untracked 
|  62|0x0000000088600000, 0x0000000088600000, 0x0000000088700000|  0%| F|  |TAMS 0x0000000088600000, 0x0000000088600000| Untracked 
|  63|0x0000000088700000, 0x0000000088700000, 0x0000000088800000|  0%| F|  |TAMS 0x0000000088700000, 0x0000000088700000| Untracked 
|  64|0x0000000088800000, 0x0000000088800000, 0x0000000088900000|  0%| F|  |TAMS 0x0000000088800000, 0x0000000088800000| Untracked 
|  65|0x0000000088900000, 0x0000000088900000, 0x0000000088a00000|  0%| F|  |TAMS 0x0000000088900000, 0x0000000088900000| Untracked 
|  66|0x0000000088a00000, 0x0000000088a00000, 0x0000000088b00000|  0%| F|  |TAMS 0x0000000088a00000, 0x0000000088a00000| Untracked 
|  67|0x0000000088b00000, 0x0000000088b00000, 0x0000000088c00000|  0%| F|  |TAMS 0x0000000088b00000, 0x0000000088b00000| Untracked 
|  68|0x0000000088c00000, 0x0000000088c00000, 0x0000000088d00000|  0%| F|  |TAMS 0x0000000088c00000, 0x0000000088c00000| Untracked 
|  69|0x0000000088d00000, 0x0000000088d00000, 0x0000000088e00000|  0%| F|  |TAMS 0x0000000088d00000, 0x0000000088d00000| Untracked 
|  70|0x0000000088e00000, 0x0000000088e00000, 0x0000000088f00000|  0%| F|  |TAMS 0x0000000088e00000, 0x0000000088e00000| Untracked 
|  71|0x0000000088f00000, 0x0000000088f00000, 0x0000000089000000|  0%| F|  |TAMS 0x0000000088f00000, 0x0000000088f00000| Untracked 
|  72|0x0000000089000000, 0x0000000089000000, 0x0000000089100000|  0%| F|  |TAMS 0x0000000089000000, 0x0000000089000000| Untracked 
|  73|0x0000000089100000, 0x0000000089100000, 0x0000000089200000|  0%| F|  |TAMS 0x0000000089100000, 0x0000000089100000| Untracked 
|  74|0x0000000089200000, 0x0000000089200000, 0x0000000089300000|  0%| F|  |TAMS 0x0000000089200000, 0x0000000089200000| Untracked 
|  75|0x0000000089300000, 0x0000000089300000, 0x0000000089400000|  0%| F|  |TAMS 0x0000000089300000, 0x0000000089300000| Untracked 
|  76|0x0000000089400000, 0x0000000089400000, 0x0000000089500000|  0%| F|  |TAMS 0x0000000089400000, 0x0000000089400000| Untracked 
|  77|0x0000000089500000, 0x0000000089500000, 0x0000000089600000|  0%| F|  |TAMS 0x0000000089500000, 0x0000000089500000| Untracked 
|  78|0x0000000089600000, 0x0000000089600000, 0x0000000089700000|  0%| F|  |TAMS 0x0000000089600000, 0x0000000089600000| Untracked 
|  79|0x0000000089700000, 0x0000000089700000, 0x0000000089800000|  0%| F|  |TAMS 0x0000000089700000, 0x0000000089700000| Untracked 
|  80|0x0000000089800000, 0x0000000089800000, 0x0000000089900000|  0%| F|  |TAMS 0x0000000089800000, 0x0000000089800000| Untracked 
|  81|0x0000000089900000, 0x0000000089900000, 0x0000000089a00000|  0%| F|  |TAMS 0x0000000089900000, 0x0000000089900000| Untracked 
|  82|0x0000000089a00000, 0x0000000089a00000, 0x0000000089b00000|  0%| F|  |TAMS 0x0000000089a00000, 0x0000000089a00000| Untracked 
|  83|0x0000000089b00000, 0x0000000089b00000, 0x0000000089c00000|  0%| F|  |TAMS 0x0000000089b00000, 0x0000000089b00000| Untracked 
|  84|0x0000000089c00000, 0x0000000089c00000, 0x0000000089d00000|  0%| F|  |TAMS 0x0000000089c00000, 0x0000000089c00000| Untracked 
|  85|0x0000000089d00000, 0x0000000089d00000, 0x0000000089e00000|  0%| F|  |TAMS 0x0000000089d00000, 0x0000000089d00000| Untracked 
|  86|0x0000000089e00000, 0x0000000089e00000, 0x0000000089f00000|  0%| F|  |TAMS 0x0000000089e00000, 0x0000000089e00000| Untracked 
|  87|0x0000000089f00000, 0x0000000089f00000, 0x000000008a000000|  0%| F|  |TAMS 0x0000000089f00000, 0x0000000089f00000| Untracked 
|  88|0x000000008a000000, 0x000000008a000000, 0x000000008a100000|  0%| F|  |TAMS 0x000000008a000000, 0x000000008a000000| Untracked 
|  89|0x000000008a100000, 0x000000008a100000, 0x000000008a200000|  0%| F|  |TAMS 0x000000008a100000, 0x000000008a100000| Untracked 
|  90|0x000000008a200000, 0x000000008a200000, 0x000000008a300000|  0%| F|  |TAMS 0x000000008a200000, 0x000000008a200000| Untracked 
|  91|0x000000008a300000, 0x000000008a300000, 0x000000008a400000|  0%| F|  |TAMS 0x000000008a300000, 0x000000008a300000| Untracked 
|  92|0x000000008a400000, 0x000000008a400000, 0x000000008a500000|  0%| F|  |TAMS 0x000000008a400000, 0x000000008a400000| Untracked 
|  93|0x000000008a500000, 0x000000008a500000, 0x000000008a600000|  0%| F|  |TAMS 0x000000008a500000, 0x000000008a500000| Untracked 
|  94|0x000000008a600000, 0x000000008a600000, 0x000000008a700000|  0%| F|  |TAMS 0x000000008a600000, 0x000000008a600000| Untracked 
|  95|0x000000008a700000, 0x000000008a700000, 0x000000008a800000|  0%| F|  |TAMS 0x000000008a700000, 0x000000008a700000| Untracked 
|  96|0x000000008a800000, 0x000000008a800000, 0x000000008a900000|  0%| F|  |TAMS 0x000000008a800000, 0x000000008a800000| Untracked 
|  97|0x000000008a900000, 0x000000008a900000, 0x000000008aa00000|  0%| F|  |TAMS 0x000000008a900000, 0x000000008a900000| Untracked 
|  98|0x000000008aa00000, 0x000000008aa00000, 0x000000008ab00000|  0%| F|  |TAMS 0x000000008aa00000, 0x000000008aa00000| Untracked 
|  99|0x000000008ab00000, 0x000000008ab00000, 0x000000008ac00000|  0%| F|  |TAMS 0x000000008ab00000, 0x000000008ab00000| Untracked 
| 100|0x000000008ac00000, 0x000000008ac00000, 0x000000008ad00000|  0%| F|  |TAMS 0x000000008ac00000, 0x000000008ac00000| Untracked 
| 101|0x000000008ad00000, 0x000000008ad00000, 0x000000008ae00000|  0%| F|  |TAMS 0x000000008ad00000, 0x000000008ad00000| Untracked 
| 102|0x000000008ae00000, 0x000000008ae00000, 0x000000008af00000|  0%| F|  |TAMS 0x000000008ae00000, 0x000000008ae00000| Untracked 
| 103|0x000000008af00000, 0x000000008af00000, 0x000000008b000000|  0%| F|  |TAMS 0x000000008af00000, 0x000000008af00000| Untracked 
| 104|0x000000008b000000, 0x000000008b000000, 0x000000008b100000|  0%| F|  |TAMS 0x000000008b000000, 0x000000008b000000| Untracked 
| 105|0x000000008b100000, 0x000000008b100000, 0x000000008b200000|  0%| F|  |TAMS 0x000000008b100000, 0x000000008b100000| Untracked 
| 106|0x000000008b200000, 0x000000008b200000, 0x000000008b300000|  0%| F|  |TAMS 0x000000008b200000, 0x000000008b200000| Untracked 
| 107|0x000000008b300000, 0x000000008b300000, 0x000000008b400000|  0%| F|  |TAMS 0x000000008b300000, 0x000000008b300000| Untracked 
| 108|0x000000008b400000, 0x000000008b400000, 0x000000008b500000|  0%| F|  |TAMS 0x000000008b400000, 0x000000008b400000| Untracked 
| 109|0x000000008b500000, 0x000000008b500000, 0x000000008b600000|  0%| F|  |TAMS 0x000000008b500000, 0x000000008b500000| Untracked 
| 110|0x000000008b600000, 0x000000008b600000, 0x000000008b700000|  0%| F|  |TAMS 0x000000008b600000, 0x000000008b600000| Untracked 
| 111|0x000000008b700000, 0x000000008b700000, 0x000000008b800000|  0%| F|  |TAMS 0x000000008b700000, 0x000000008b700000| Untracked 
| 112|0x000000008b800000, 0x000000008b800000, 0x000000008b900000|  0%| F|  |TAMS 0x000000008b800000, 0x000000008b800000| Untracked 
| 113|0x000000008b900000, 0x000000008b900000, 0x000000008ba00000|  0%| F|  |TAMS 0x000000008b900000, 0x000000008b900000| Untracked 
| 114|0x000000008ba00000, 0x000000008ba00000, 0x000000008bb00000|  0%| F|  |TAMS 0x000000008ba00000, 0x000000008ba00000| Untracked 
| 115|0x000000008bb00000, 0x000000008bb00000, 0x000000008bc00000|  0%| F|  |TAMS 0x000000008bb00000, 0x000000008bb00000| Untracked 
| 116|0x000000008bc00000, 0x000000008bc00000, 0x000000008bd00000|  0%| F|  |TAMS 0x000000008bc00000, 0x000000008bc00000| Untracked 
| 117|0x000000008bd00000, 0x000000008bd00000, 0x000000008be00000|  0%| F|  |TAMS 0x000000008bd00000, 0x000000008bd00000| Untracked 
| 118|0x000000008be00000, 0x000000008be764e8, 0x000000008bf00000| 46%| E|  |TAMS 0x000000008be00000, 0x000000008be00000| Complete 
| 119|0x000000008bf00000, 0x000000008c000000, 0x000000008c000000|100%| E|CS|TAMS 0x000000008bf00000, 0x000000008bf00000| Complete 
| 120|0x000000008c000000, 0x000000008c100000, 0x000000008c100000|100%| E|CS|TAMS 0x000000008c000000, 0x000000008c000000| Complete 
| 121|0x000000008c100000, 0x000000008c200000, 0x000000008c200000|100%| E|CS|TAMS 0x000000008c100000, 0x000000008c100000| Complete 
| 122|0x000000008c200000, 0x000000008c300000, 0x000000008c300000|100%| E|  |TAMS 0x000000008c200000, 0x000000008c200000| Complete 
| 123|0x000000008c300000, 0x000000008c400000, 0x000000008c400000|100%| E|CS|TAMS 0x000000008c300000, 0x000000008c300000| Complete 

Card table byte_map: [0x000001d675850000,0x000001d675c30000] _byte_map_base: 0x000001d67542c000

Marking Bits (Prev, Next): (CMBitMap*) 0x000001d66d3b05c0, (CMBitMap*) 0x000001d66d3b0600
 Prev Bits: [0x000001d676010000, 0x000001d677ef0000)
 Next Bits: [0x000001d677ef0000, 0x000001d679dd0000)

Polling page: 0x000001d66ca70000

Metaspace:

Usage:
  Non-class:      2.20 MB used.
      Class:    255.52 KB used.
       Both:      2.45 MB used.

Virtual space:
  Non-class space:       64.00 MB reserved,       2.25 MB (  4%) committed,  1 nodes.
      Class space:        1.00 GB reserved,     320.00 KB ( <1%) committed,  1 nodes.
             Both:        1.06 GB reserved,       2.56 MB ( <1%) committed. 

Chunk freelists:
   Non-Class:  11.52 MB
       Class:  15.66 MB
        Both:  27.18 MB

MaxMetaspaceSize: unlimited
CompressedClassSpaceSize: 1.00 GB
Initial GC threshold: 21.00 MB
Current GC threshold: 21.00 MB
CDS: on
MetaspaceReclaimPolicy: balanced
 - commit_granule_bytes: 65536.
 - commit_granule_words: 8192.
 - virtual_space_node_default_size: 8388608.
 - enlarge_chunks_in_place: 1.
 - new_chunks_are_fully_committed: 0.
 - uncommit_free_chunks: 1.
 - use_allocation_guard: 0.
 - handle_deallocations: 1.


Internal statistics:

num_allocs_failed_limit: 0.
num_arena_births: 44.
num_arena_deaths: 0.
num_vsnodes_births: 2.
num_vsnodes_deaths: 0.
num_space_committed: 41.
num_space_uncommitted: 0.
num_chunks_returned_to_freelist: 0.
num_chunks_taken_from_freelist: 80.
num_chunk_merges: 0.
num_chunk_splits: 51.
num_chunks_enlarged: 32.
num_inconsistent_stats: 0.

CodeHeap 'non-profiled nmethods': size=119168Kb used=144Kb max_used=144Kb free=119023Kb
 bounds [0x000001d607ba0000, 0x000001d607e10000, 0x000001d60f000000]
CodeHeap 'profiled nmethods': size=119104Kb used=859Kb max_used=859Kb free=118244Kb
 bounds [0x000001d600000000, 0x000001d600270000, 0x000001d607450000]
CodeHeap 'non-nmethods': size=7488Kb used=2264Kb max_used=2277Kb free=5223Kb
 bounds [0x000001d607450000, 0x000001d6076c0000, 0x000001d607ba0000]
 total_blobs=961 nmethods=535 adapters=337
 compilation: enabled
              stopped_count=0, restarted_count=0
 full_count=0

Compilation events (20 events):
Event: 0.331 Thread 0x000001d67cfd7890  525       3       java.util.Properties::getProperty (50 bytes)
Event: 0.332 Thread 0x000001d67cfd7890 nmethod 525 0x000001d6000d0790 code [0x000001d6000d0960, 0x000001d6000d0df8]
Event: 0.332 Thread 0x000001d67cfd7890  526       3       sun.util.locale.LocaleUtils::isUpper (18 bytes)
Event: 0.333 Thread 0x000001d67cfd7890 nmethod 526 0x000001d6000d0f90 code [0x000001d6000d1120, 0x000001d6000d1298]
Event: 0.333 Thread 0x000001d67cee0140  527       1       sun.util.locale.BaseLocale::getLanguage (5 bytes)
Event: 0.333 Thread 0x000001d67cee0140 nmethod 527 0x000001d607bc3910 code [0x000001d607bc3aa0, 0x000001d607bc3b78]
Event: 0.333 Thread 0x000001d67cfd7890  528       3       sun.invoke.util.VerifyAccess::isClassAccessible (230 bytes)
Event: 0.334 Thread 0x000001d67cfd7890 nmethod 528 0x000001d6000d1310 code [0x000001d6000d1620, 0x000001d6000d2518]
Event: 0.335 Thread 0x000001d67cee0140  530       3       java.util.StringTokenizer::skipDelimiters (116 bytes)
Event: 0.335 Thread 0x000001d67cfd7890  531       3       java.util.StringTokenizer::scanToken (179 bytes)
Event: 0.336 Thread 0x000001d67cd969a0  532       4       java.util.HashMap::afterNodeInsertion (1 bytes)
Event: 0.336 Thread 0x000001d67cfdde90  533       3       java.util.HashSet::add (20 bytes)
Event: 0.336 Thread 0x000001d67cee0140 nmethod 530 0x000001d6000d2910 code [0x000001d6000d2bc0, 0x000001d6000d38e8]
Event: 0.336 Thread 0x000001d67cfdde90 nmethod 533 0x000001d6000d3d90 code [0x000001d6000d3f40, 0x000001d6000d4188]
Event: 0.336 Thread 0x000001d67cd969a0 nmethod 532 0x000001d607bc4010 code [0x000001d607bc4180, 0x000001d607bc41f8]
Event: 0.336 Thread 0x000001d67cfdde90  534       3       java.util.StringTokenizer::hasMoreTokens (29 bytes)
Event: 0.336 Thread 0x000001d67cee0140  535       3       java.util.StringTokenizer::nextToken (92 bytes)
Event: 0.336 Thread 0x000001d67cfdde90 nmethod 534 0x000001d6000d4290 code [0x000001d6000d4440, 0x000001d6000d45e8]
Event: 0.336 Thread 0x000001d67cee0140 nmethod 535 0x000001d6000d4690 code [0x000001d6000d4860, 0x000001d6000d4b98]
Event: 0.336 Thread 0x000001d67cfd7890 nmethod 531 0x000001d6000d4d10 code [0x000001d6000d5080, 0x000001d6000d6678]

GC Heap History (0 events):
No events

Deoptimization events (4 events):
Event: 0.131 Thread 0x000001d66d3577f0 Uncommon trap: trap_request=0xffffff45 fr.pc=0x000001d607ba8ac0 relative=0x00000000000000c0
Event: 0.131 Thread 0x000001d66d3577f0 Uncommon trap: reason=unstable_if action=reinterpret pc=0x000001d607ba8ac0 method=java.net.URI.match(CJJ)Z @ 45 c2
Event: 0.131 Thread 0x000001d66d3577f0 DEOPT PACKING pc=0x000001d607ba8ac0 sp=0x000000c2e27feb00
Event: 0.131 Thread 0x000001d66d3577f0 DEOPT UNPACKING pc=0x000001d6074a23a3 sp=0x000000c2e27fea88 mode 2

Classes unloaded (0 events):
No events

Classes redefined (0 events):
No events

Internal exceptions (5 events):
Event: 0.106 Thread 0x000001d66d3577f0 Exception <a 'java/lang/NoSuchMethodError'{0x000000008c2ba0d8}: 'int java.lang.invoke.DirectMethodHandle$Holder.invokeSpecial(java.lang.Object, java.lang.Object, java.lang.Object)'> (0x000000008c2ba0d8) 
thrown [s\open\src\hotspot\share\interpreter\linkResolver.cpp, line 759]
Event: 0.123 Thread 0x000001d66d3577f0 Exception <a 'java/lang/NoSuchMethodError'{0x000000008c2cdc58}: 'java.lang.Object java.lang.invoke.DirectMethodHandle$Holder.invokeStaticInit(java.lang.Object)'> (0x000000008c2cdc58) 
thrown [s\open\src\hotspot\share\interpreter\linkResolver.cpp, line 759]
Event: 0.129 Thread 0x000001d66d3577f0 Exception <a 'java/lang/NoSuchMethodError'{0x000000008c2db060}: 'void java.lang.invoke.DirectMethodHandle$Holder.invokeStatic(java.lang.Object, java.lang.Object)'> (0x000000008c2db060) 
thrown [s\open\src\hotspot\share\interpreter\linkResolver.cpp, line 759]
Event: 0.196 Thread 0x000001d66d3577f0 Exception <a 'sun/nio/fs/WindowsException'{0x000000008c0a2648}> (0x000000008c0a2648) 
thrown [s\open\src\hotspot\share\prims\jni.cpp, line 516]
Event: 0.330 Thread 0x000001d66d3577f0 Exception <a 'java/lang/NoSuchMethodError'{0x000000008bff0710}: 'void java.lang.invoke.DirectMethodHandle$Holder.invokeStatic(java.lang.Object, java.lang.Object, java.lang.Object)'> (0x000000008bff0710) 
thrown [s\open\src\hotspot\share\interpreter\linkResolver.cpp, line 759]

VM Operations (4 events):
Event: 0.070 Executing VM operation: HandshakeAllThreads
Event: 0.070 Executing VM operation: HandshakeAllThreads done
Event: 0.233 Executing VM operation: HandshakeAllThreads
Event: 0.233 Executing VM operation: HandshakeAllThreads done

Events (20 events):
Event: 0.329 loading class java/util/concurrent/RunnableFuture done
Event: 0.329 loading class java/util/concurrent/FutureTask done
Event: 0.329 loading class java/util/concurrent/FutureTask$WaitNode
Event: 0.329 loading class java/util/concurrent/FutureTask$WaitNode done
Event: 0.329 loading class java/util/concurrent/Executors$RunnableAdapter
Event: 0.329 loading class java/util/concurrent/Callable
Event: 0.329 loading class java/util/concurrent/Callable done
Event: 0.329 loading class java/util/concurrent/Executors$RunnableAdapter done
Event: 0.332 loading class java/util/Formatter$FixedString
Event: 0.332 loading class java/util/Formatter$FixedString done
Event: 0.333 loading class jdk/internal/module/ModulePatcher$PatchedModuleReader
Event: 0.334 loading class jdk/internal/module/ModulePatcher$PatchedModuleReader done
Event: 0.334 loading class sun/net/www/protocol/jrt/Handler
Event: 0.334 loading class sun/net/www/protocol/jrt/Handler done
Event: 0.337 loading class sun/util/resources/LocaleData$CommonResourceBundleProvider
Event: 0.337 loading class sun/util/resources/LocaleData$LocaleDataResourceBundleProvider
Event: 0.337 loading class java/util/spi/ResourceBundleProvider
Event: 0.337 loading class java/util/spi/ResourceBundleProvider done
Event: 0.337 loading class sun/util/resources/LocaleData$LocaleDataResourceBundleProvider done
Event: 0.337 loading class sun/util/resources/LocaleData$CommonResourceBundleProvider done


Dynamic libraries:
0x00007ff6169e0000 - 0x00007ff6169f0000 	C:\Program Files\Java\jdk-17\bin\java.exe
0x00007fff793f0000 - 0x00007fff79607000 	C:\WINDOWS\SYSTEM32\ntdll.dll
0x00007fff78e90000 - 0x00007fff78f54000 	C:\WINDOWS\System32\KERNEL32.DLL
0x00007fff76950000 - 0x00007fff76cfd000 	C:\WINDOWS\System32\KERNELBASE.dll
0x00007fff76830000 - 0x00007fff76941000 	C:\WINDOWS\System32\ucrtbase.dll
0x00007fff5d160000 - 0x00007fff5d179000 	C:\Program Files\Java\jdk-17\bin\jli.dll
0x00007fff78f60000 - 0x00007fff79012000 	C:\WINDOWS\System32\ADVAPI32.dll
0x00007fff78a30000 - 0x00007fff78ad7000 	C:\WINDOWS\System32\msvcrt.dll
0x00007fff5c110000 - 0x00007fff5c12b000 	C:\Program Files\Java\jdk-17\bin\VCRUNTIME140.dll
0x00007fff77790000 - 0x00007fff77839000 	C:\WINDOWS\System32\sechost.dll
0x00007fff76800000 - 0x00007fff76828000 	C:\WINDOWS\System32\bcrypt.dll
0x00007fff774e0000 - 0x00007fff775f4000 	C:\WINDOWS\System32\RPCRT4.dll
0x00007fff79020000 - 0x00007fff791ce000 	C:\WINDOWS\System32\USER32.dll
0x00007fff77050000 - 0x00007fff77076000 	C:\WINDOWS\System32\win32u.dll
0x00007fff791e0000 - 0x00007fff79209000 	C:\WINDOWS\System32\GDI32.dll
0x00007fff76f30000 - 0x00007fff77049000 	C:\WINDOWS\System32\gdi32full.dll
0x00007fff77080000 - 0x00007fff7711a000 	C:\WINDOWS\System32\msvcp_win.dll
0x00007fff56b50000 - 0x00007fff56de3000 	C:\WINDOWS\WinSxS\amd64_microsoft.windows.common-controls_6595b64144ccf1df_6.0.22621.3672_none_2713b9d173822955\COMCTL32.dll
0x00007fff76370000 - 0x00007fff7637a000 	C:\WINDOWS\SYSTEM32\VERSION.dll
0x00007fff77120000 - 0x00007fff77151000 	C:\WINDOWS\System32\IMM32.DLL
0x000000006de20000 - 0x000000006de2c000 	C:\Program Files (x86)\360\Total Security\safemon\SafeWrapper.dll
0x00007fff3b240000 - 0x00007fff3b2d2000 	C:\Program Files (x86)\360\Total Security\safemon\libzdtp64.dll
0x00007fff77e00000 - 0x00007fff78667000 	C:\WINDOWS\System32\SHELL32.dll
0x00007fff78670000 - 0x00007fff786ce000 	C:\WINDOWS\System32\SHLWAPI.dll
0x00007fff6f590000 - 0x00007fff6f59c000 	C:\Program Files\Java\jdk-17\bin\vcruntime140_1.dll
0x00007fff11740000 - 0x00007fff117ce000 	C:\Program Files\Java\jdk-17\bin\msvcp140.dll
0x00007ffed71a0000 - 0x00007ffed7d80000 	C:\Program Files\Java\jdk-17\bin\server\jvm.dll
0x00007fff78990000 - 0x00007fff78998000 	C:\WINDOWS\System32\PSAPI.DLL
0x00007fff6f780000 - 0x00007fff6f7b4000 	C:\WINDOWS\SYSTEM32\WINMM.dll
0x00007fff58a60000 - 0x00007fff58a69000 	C:\WINDOWS\SYSTEM32\WSOCK32.dll
0x00007fff79210000 - 0x00007fff79281000 	C:\WINDOWS\System32\WS2_32.dll
0x00007fff757e0000 - 0x00007fff757f8000 	C:\WINDOWS\SYSTEM32\kernel.appcore.dll
0x00007fff694a0000 - 0x00007fff694aa000 	C:\Program Files\Java\jdk-17\bin\jimage.dll
0x00007fff741f0000 - 0x00007fff74422000 	C:\WINDOWS\SYSTEM32\DBGHELP.DLL
0x00007fff78b00000 - 0x00007fff78e8e000 	C:\WINDOWS\System32\combase.dll
0x00007fff77600000 - 0x00007fff776d7000 	C:\WINDOWS\System32\OLEAUT32.dll
0x00007fff69150000 - 0x00007fff69182000 	C:\WINDOWS\SYSTEM32\dbgcore.DLL
0x00007fff76710000 - 0x00007fff7678b000 	C:\WINDOWS\System32\bcryptPrimitives.dll
0x00007fff5c0e0000 - 0x00007fff5c105000 	C:\Program Files\Java\jdk-17\bin\java.dll
0x00007fff107c0000 - 0x00007fff10897000 	C:\Program Files\Java\jdk-17\bin\jsvml.dll
0x00007fff74430000 - 0x00007fff74d2f000 	C:\WINDOWS\SYSTEM32\windows.storage.dll
0x00007fff740b0000 - 0x00007fff741ef000 	C:\WINDOWS\SYSTEM32\wintypes.dll
0x00007fff786d0000 - 0x00007fff787c9000 	C:\WINDOWS\System32\SHCORE.dll
0x00007fff76640000 - 0x00007fff76667000 	C:\WINDOWS\SYSTEM32\profapi.dll
0x00007fff52780000 - 0x00007fff52799000 	C:\Program Files\Java\jdk-17\bin\net.dll
0x00007fff70260000 - 0x00007fff70396000 	C:\WINDOWS\SYSTEM32\WINHTTP.dll
0x00007fff75c50000 - 0x00007fff75cb9000 	C:\WINDOWS\system32\mswsock.dll
0x00007fff4d8d0000 - 0x00007fff4d8e6000 	C:\Program Files\Java\jdk-17\bin\nio.dll
0x00007fff43a20000 - 0x00007fff43a38000 	C:\Program Files\Java\jdk-17\bin\zip.dll
0x00007fff751b0000 - 0x00007fff751dd000 	C:\WINDOWS\SYSTEM32\IPHLPAPI.DLL
0x00007fff787d0000 - 0x00007fff787d9000 	C:\WINDOWS\System32\NSI.dll
0x00007fff6fad0000 - 0x00007fff6fae9000 	C:\WINDOWS\SYSTEM32\dhcpcsvc6.DLL
0x00007fff6fa60000 - 0x00007fff6fa7f000 	C:\WINDOWS\SYSTEM32\dhcpcsvc.DLL
0x00007fff75220000 - 0x00007fff75318000 	C:\WINDOWS\SYSTEM32\DNSAPI.dll

dbghelp: loaded successfully - version: 4.0.5 - missing functions: none
symbol engine: initialized successfully - sym options: 0x614 - pdb path: .;C:\Program Files\Java\jdk-17\bin;C:\WINDOWS\SYSTEM32;C:\WINDOWS\WinSxS\amd64_microsoft.windows.common-controls_6595b64144ccf1df_6.0.22621.3672_none_2713b9d173822955;C:\Program Files (x86)\360\Total Security\safemon;C:\Program Files\Java\jdk-17\bin\server

VM Arguments:
java_command: jenkins.maven3.agent.Maven35Main C:\Users\chira\apache-maven-3.9.9-bin\apache-maven-3.9.9 C:\Users\chira\.jenkins\war\WEB-INF\lib\remoting-3248.3250.v3277a_8e88c9b_.jar C:\Users\chira\.jenkins\plugins\maven-plugin\WEB-INF\lib\maven35-interceptor-1.14.jar C:\Users\chira\.jenkins\plugins\maven-plugin\WEB-INF\lib\maven3-interceptor-commons-1.14.jar 62772
java_class_path (initial): C:\Users\chira\.jenkins\plugins\maven-plugin\WEB-INF\lib\maven35-agent-1.14.jar;C:\Users\chira\apache-maven-3.9.9-bin\apache-maven-3.9.9\boot\plexus-classworlds-2.8.0.jar;C:\Users\chira\apache-maven-3.9.9-bin\apache-maven-3.9.9/conf/logging
Launcher Type: SUN_STANDARD

[Global flags]
     intx CICompilerCount                          = 12                                        {product} {ergonomic}
     uint ConcGCThreads                            = 3                                         {product} {ergonomic}
     uint G1ConcRefinementThreads                  = 13                                        {product} {ergonomic}
   size_t G1HeapRegionSize                         = 1048576                                   {product} {ergonomic}
    uintx GCDrainStackTargetSize                   = 64                                        {product} {ergonomic}
   size_t InitialHeapSize                          = 130023424                                 {product} {ergonomic}
   size_t MarkStackSize                            = 4194304                                   {product} {ergonomic}
   size_t MaxHeapSize                              = 2071986176                                {product} {ergonomic}
   size_t MaxNewSize                               = 1242562560                                {product} {ergonomic}
   size_t MinHeapDeltaBytes                        = 1048576                                   {product} {ergonomic}
   size_t MinHeapSize                              = 8388608                                   {product} {ergonomic}
    uintx NonNMethodCodeHeapSize                   = 7602480                                {pd product} {ergonomic}
    uintx NonProfiledCodeHeapSize                  = 122027880                              {pd product} {ergonomic}
    uintx ProfiledCodeHeapSize                     = 122027880                              {pd product} {ergonomic}
    uintx ReservedCodeCacheSize                    = 251658240                              {pd product} {ergonomic}
     bool SegmentedCodeCache                       = true                                      {product} {ergonomic}
   size_t SoftMaxHeapSize                          = 2071986176                             {manageable} {ergonomic}
     bool UseCompressedClassPointers               = true                           {product lp64_product} {ergonomic}
     bool UseCompressedOops                        = true                           {product lp64_product} {ergonomic}
     bool UseG1GC                                  = true                                      {product} {ergonomic}
     bool UseLargePagesIndividualAllocation        = false                                  {pd product} {ergonomic}

Logging:
Log output configuration:
 #0: stdout all=warning uptime,level,tags
 #1: stderr all=off uptime,level,tags

Environment Variables:
JAVA_HOME=C:\Program Files\Java\jdk-17
PATH=C:\Users\chira\apache-maven-3.9.9-bin\apache-maven-3.9.9/bin;C:\Program Files\Java\jdk-17/bin;C:\Program Files\Java\jdk-17/bin;C:\Program Files\Common Files\Oracle\Java\javapath;C:\Windows\system32;C:\Windows;C:\Windows\System32\Wbem;C:\Windows\System32\WindowsPowerShell\v1.0\;C:\Windows\System32\OpenSSH\;C:\Program Files (x86)\NVIDIA Corporation\PhysX\Common;C:\Program Files\NVIDIA Corporation\NVIDIA NvDLISR;C:\WINDOWS\system32;C:\WINDOWS;C:\WINDOWS\System32\Wbem;C:\WINDOWS\System32\WindowsPowerShell\v1.0\;C:\WINDOWS\System32\OpenSSH\;C:\Program Files (x86)\NetSarang\Xshell 7\;C:\Program Files\Java\jdk-17\bin;C:\Program Files\Docker\Docker\resources\bin;C:\Users\chira\apache-maven-3.9.9-bin\apache-maven-3.9.9\bin;C:\Program Files\Git\cmd;C:\Users\chira\AppData\Local\Microsoft\WindowsApps;C:\Program Files\JetBrains\PyCharm Community Edition 2022.2.1\bin;;C:\questasim64_10.7c\win64;C:\Users\chira\AppData\Local\Programs\Microsoft VS Code\bin
USERNAME=chira
OS=Windows_NT
PROCESSOR_IDENTIFIER=Intel64 Family 6 Model 154 Stepping 3, GenuineIntel



---------------  S Y S T E M  ---------------

OS:
 Windows 11 , 64 bit Build 22621 (10.0.22621.3958)
OS uptime: 0 days 11:51 hours
Hyper-V role detected

CPU: total 16 (initial active 16) (8 cores per cpu, 2 threads per core) family 6 model 154 stepping 3 microcode 0x419, cx8, cmov, fxsr, ht, mmx, 3dnowpref, sse, sse2, sse3, ssse3, sse4.1, sse4.2, popcnt, lzcnt, tsc, tscinvbit, avx, avx2, aes, erms, clmul, bmi1, bmi2, adx, sha, fma, vzeroupper, clflush, clflushopt, clwb, hv

Memory: 4k page, system-wide physical 7896M (569M free)
TotalPageFile size 11896M (AvailPageFile size 2M)
current process WorkingSet (physical memory assigned to process): 48M, peak: 48M
current process commit charge ("private bytes"): 222M, peak: 222M

vm_info: Java HotSpot(TM) 64-Bit Server VM (17.0.12+8-LTS-286) for windows-amd64 JRE (17.0.12+8-LTS-286), built on Jun  5 2024 06:46:59 by "mach5one" with MS VC++ 17.6 (VS2022)

END.
