2024-10-06 12:10:31 DEBUG TestNG:82 - suiteXmlPath: "C:\Users\chira\AppData\Local\Temp\testng-eclipse--1740179201\testng-customsuite.xml"
2024-10-06 12:10:32 INFO  Utils:112 - [Utils] MethodGroupsHelper.collectMethodsByGroup() took 0 ms.
2024-10-06 12:10:32 INFO  Utils:112 - [Utils] MethodGroupsHelper.sortMethods() took 1 ms.
2024-10-06 12:10:32 INFO  Utils:112 - [Utils] MethodGroupsHelper.collectMethodsByGroup() took 0 ms.
2024-10-06 12:10:32 INFO  Utils:112 - [Utils] MethodGroupsHelper.sortMethods() took 0 ms.
2024-10-06 12:10:32 INFO  Utils:112 - [Utils] MethodGroupsHelper.collectMethodsByGroup() took 0 ms.
2024-10-06 12:10:32 INFO  Utils:112 - [Utils] MethodGroupsHelper.sortMethods() took 0 ms.
2024-10-06 12:10:32 INFO  Utils:112 - [Utils] MethodGroupsHelper.collectMethodsByGroup() took 0 ms.
2024-10-06 12:10:32 INFO  Utils:112 - [Utils] MethodGroupsHelper.sortMethods() took 0 ms.
2024-10-06 12:10:32 INFO  Utils:112 - [Utils] MethodGroupsHelper.collectMethodsByGroup() took 4 ms.
2024-10-06 12:10:32 INFO  Utils:112 - [Utils] MethodGroupsHelper.sortMethods() took 8 ms.
2024-10-06 12:10:32 INFO  Utils:112 - [Utils] MethodGroupsHelper.collectMethodsByGroup() took 0 ms.
2024-10-06 12:10:32 INFO  Utils:112 - [Utils] MethodGroupsHelper.sortMethods() took 1 ms.
2024-10-06 12:10:32 INFO  Utils:112 - [Utils] MethodGroupsHelper.collectMethodsByGroup() took 0 ms.
2024-10-06 12:10:32 INFO  Utils:112 - [Utils] MethodGroupsHelper.sortMethods() took 0 ms.
2024-10-06 12:10:32 INFO  Utils:112 - [Utils] MethodGroupsHelper.collectMethodsByGroup() took 0 ms.
2024-10-06 12:10:32 INFO  Utils:112 - [Utils] MethodGroupsHelper.sortMethods() took 0 ms.
2024-10-06 12:10:32 INFO  Utils:112 - [Utils] MethodGroupsHelper.collectMethodsByGroup() took 0 ms.
2024-10-06 12:10:32 INFO  Utils:112 - [Utils] MethodGroupsHelper.sortMethods() took 0 ms.
2024-10-06 12:10:32 INFO  Utils:112 - [Utils] MethodGroupsHelper.collectMethodsByGroup() took 0 ms.
2024-10-06 12:10:32 INFO  Utils:112 - [Utils] MethodGroupsHelper.sortMethods() took 0 ms.
2024-10-06 12:10:32 INFO  Utils:112 - [Utils] MethodGroupsHelper.collectMethodsByGroup() took 0 ms.
2024-10-06 12:10:32 INFO  Utils:112 - [Utils] MethodGroupsHelper.sortMethods() took 0 ms.
2024-10-06 12:10:32 INFO  Utils:112 - [Utils] MethodGroupsHelper.collectMethodsByGroup() took 0 ms.
2024-10-06 12:10:32 INFO  Utils:112 - [Utils] MethodGroupsHelper.sortMethods() took 0 ms.
2024-10-06 12:10:32 INFO  Utils:112 - [Utils] MethodGroupsHelper.collectMethodsByGroup() took 0 ms.
2024-10-06 12:10:32 INFO  Utils:112 - [Utils] MethodGroupsHelper.sortMethods() took 0 ms.
2024-10-06 12:10:32 INFO  Utils:112 - [Utils] MethodGroupsHelper.collectMethodsByGroup() took 0 ms.
2024-10-06 12:10:32 INFO  Utils:112 - [Utils] MethodGroupsHelper.sortMethods() took 0 ms.
2024-10-06 12:10:32 INFO  Utils:112 - [Utils] MethodGroupsHelper.collectMethodsByGroup() took 0 ms.
2024-10-06 12:10:32 INFO  Utils:112 - [Utils] MethodGroupsHelper.sortMethods() took 0 ms.
2024-10-06 12:10:32 INFO  Utils:112 - [TestNG] Running:
  C:\Users\chira\AppData\Local\Temp\testng-eclipse--1740179201\testng-customsuite.xml

2024-10-06 12:10:32 INFO  Utils:112 - [Utils] DynamicGraphHelper.createDynamicGraph() took 5 ms.
2024-10-06 12:10:32 INFO  Utils:112 - [TestNG] Time taken by org.testng.reporters.jq.Main@61d9efe0: 86 ms
2024-10-06 12:10:32 INFO  Utils:112 - [TestNG] Time taken by org.testng.reporters.FailedReporter@56db847e: 15 ms
2024-10-06 12:10:32 INFO  Utils:112 - [TestNG] Time taken by org.testng.reporters.XMLReporter@6db66836: 12 ms
2024-10-06 12:10:32 INFO  Utils:112 - [TestNG] Time taken by org.testng.reporters.EmailableReporter2@ca27722: 9 ms
2024-10-06 12:10:32 INFO  Utils:112 - [TestNG] Time taken by org.testng.reporters.JUnitReportReporter@1095f122: 12 ms
2024-10-06 12:10:32 INFO  Utils:112 - [TestNG] Time taken by org.testng.internal.ExitCodeListener@58c540cf: 0 ms
